Start testing: Jul 30 20:34 EDT
----------------------------------------------------------
1/131 Testing: crdt
1/131 Test: crdt
Command: "/home/wubu/WuBuOffice/build-plugin/src/wubucrdt/test_crdt"
Directory: /home/wubu/WuBuOffice/build-plugin/src/wubucrdt
"crdt" start time: Jul 30 20:34 EDT
Output:
----------------------------------------------------------
PASS: crdt (concurrent convergence, tombstone+insert, serialize, move)
<end of output>
Test time =   0.00 sec
----------------------------------------------------------
Test Passed.
"crdt" end time: Jul 30 20:34 EDT
"crdt" time elapsed: 00:00:00
----------------------------------------------------------

2/131 Testing: history
2/131 Test: history
Command: "/home/wubu/WuBuOffice/build-plugin/src/wubuhistory/test_history"
Directory: /home/wubu/WuBuOffice/build-plugin/src/wubuhistory
"history" start time: Jul 30 20:34 EDT
Output:
----------------------------------------------------------
PASS: history (commit/count/author/label/blob/diff)
<end of output>
Test time =   0.00 sec
----------------------------------------------------------
Test Passed.
"history" end time: Jul 30 20:34 EDT
"history" time elapsed: 00:00:00
----------------------------------------------------------

3/131 Testing: sync
3/131 Test: sync
Command: "/home/wubu/WuBuOffice/build-plugin/src/wubusync/test_sync"
Directory: /home/wubu/WuBuOffice/build-plugin/src/wubusync
"sync" start time: Jul 30 20:34 EDT
Output:
----------------------------------------------------------
PASS: sync (CRDT store merge + shared lock)
<end of output>
Test time =   0.00 sec
----------------------------------------------------------
Test Passed.
"sync" end time: Jul 30 20:34 EDT
"sync" time elapsed: 00:00:00
----------------------------------------------------------

4/131 Testing: col
4/131 Test: col
Command: "/home/wubu/WuBuOffice/build-plugin/src/wubucol/test_col"
Directory: /home/wubu/WuBuOffice/build-plugin/src/wubucol
"col" start time: Jul 30 20:34 EDT
Output:
----------------------------------------------------------
PASS: col (threads, replies, resolve, remove)
<end of output>
Test time =   0.00 sec
----------------------------------------------------------
Test Passed.
"col" end time: Jul 30 20:34 EDT
"col" time elapsed: 00:00:00
----------------------------------------------------------

5/131 Testing: vars
5/131 Test: vars
Command: "/home/wubu/WuBuOffice/build-plugin/src/wubuvars/test_vars"
Directory: /home/wubu/WuBuOffice/build-plugin/src/wubuvars
"vars" start time: Jul 30 20:34 EDT
Output:
----------------------------------------------------------
PASS: vars (set/get/expand/overwrite)
<end of output>
Test time =   0.00 sec
----------------------------------------------------------
Test Passed.
"vars" end time: Jul 30 20:34 EDT
"vars" time elapsed: 00:00:00
----------------------------------------------------------

6/131 Testing: lang
6/131 Test: lang
Command: "/home/wubu/WuBuOffice/build-plugin/src/wubulang/test_lang"
Directory: /home/wubu/WuBuOffice/build-plugin/src/wubulang
"lang" start time: Jul 30 20:34 EDT
Output:
----------------------------------------------------------
PASS: lang (set/get/reset/count)
<end of output>
Test time =   0.00 sec
----------------------------------------------------------
Test Passed.
"lang" end time: Jul 30 20:34 EDT
"lang" time elapsed: 00:00:00
----------------------------------------------------------

7/131 Testing: caption
7/131 Test: caption
Command: "/home/wubu/WuBuOffice/build-plugin/src/wubucaption/test_caption"
Directory: /home/wubu/WuBuOffice/build-plugin/src/wubucaption
"caption" start time: Jul 30 20:34 EDT
Output:
----------------------------------------------------------
PASS: caption (set/get/reset/count)
<end of output>
Test time =   0.00 sec
----------------------------------------------------------
Test Passed.
"caption" end time: Jul 30 20:34 EDT
"caption" time elapsed: 00:00:00
----------------------------------------------------------

8/131 Testing: watermark
8/131 Test: watermark
Command: "/home/wubu/WuBuOffice/build-plugin/src/wubuwatermark/test_watermark"
Directory: /home/wubu/WuBuOffice/build-plugin/src/wubuwatermark
"watermark" start time: Jul 30 20:34 EDT
Output:
----------------------------------------------------------
PASS: watermark (text/angle/opacity-clamp/enabled)
<end of output>
Test time =   0.00 sec
----------------------------------------------------------
Test Passed.
"watermark" end time: Jul 30 20:34 EDT
"watermark" time elapsed: 00:00:00
----------------------------------------------------------

9/131 Testing: focus
9/131 Test: focus
Command: "/home/wubu/WuBuOffice/build-plugin/src/wubufocus/test_focus"
Directory: /home/wubu/WuBuOffice/build-plugin/src/wubufocus
"focus" start time: Jul 30 20:34 EDT
Output:
----------------------------------------------------------
PASS: focus (color/width/enabled)
<end of output>
Test time =   0.00 sec
----------------------------------------------------------
Test Passed.
"focus" end time: Jul 30 20:34 EDT
"focus" time elapsed: 00:00:00
----------------------------------------------------------

10/131 Testing: dyslexia
10/131 Test: dyslexia
Command: "/home/wubu/WuBuOffice/build-plugin/src/wubudyslexia/test_dyslexia"
Directory: /home/wubu/WuBuOffice/build-plugin/src/wubudyslexia
"dyslexia" start time: Jul 30 20:34 EDT
Output:
----------------------------------------------------------
PASS: dyslexia (enabled/face/spacing-clamp)
<end of output>
Test time =   0.00 sec
----------------------------------------------------------
Test Passed.
"dyslexia" end time: Jul 30 20:34 EDT
"dyslexia" time elapsed: 00:00:00
----------------------------------------------------------

11/131 Testing: scope
11/131 Test: scope
Command: "/home/wubu/WuBuOffice/build-plugin/src/wubuscope/test_scope"
Directory: /home/wubu/WuBuOffice/build-plugin/src/wubuscope
"scope" start time: Jul 30 20:34 EDT
Output:
----------------------------------------------------------
PASS: scope (col/row/default/lookup)
<end of output>
Test time =   0.00 sec
----------------------------------------------------------
Test Passed.
"scope" end time: Jul 30 20:34 EDT
"scope" time elapsed: 00:00:00
----------------------------------------------------------

12/131 Testing: a11ytree
12/131 Test: a11ytree
Command: "/home/wubu/WuBuOffice/build-plugin/src/wubua11ytree/test_a11ytree"
Directory: /home/wubu/WuBuOffice/build-plugin/src/wubua11ytree
"a11ytree" start time: Jul 30 20:34 EDT
Output:
----------------------------------------------------------
PASS: a11ytree (section/paragraph/image roles + alt)
<end of output>
Test time =   0.00 sec
----------------------------------------------------------
Test Passed.
"a11ytree" end time: Jul 30 20:34 EDT
"a11ytree" time elapsed: 00:00:00
----------------------------------------------------------

13/131 Testing: eqnum
13/131 Test: eqnum
Command: "/home/wubu/WuBuOffice/build-plugin/src/wubueqnum/test_eqnum"
Directory: /home/wubu/WuBuOffice/build-plugin/src/wubueqnum
"eqnum" start time: Jul 30 20:34 EDT
Output:
----------------------------------------------------------
PASS: eqnum (sequential equation numbering)
<end of output>
Test time =   0.00 sec
----------------------------------------------------------
Test Passed.
"eqnum" end time: Jul 30 20:34 EDT
"eqnum" time elapsed: 00:00:00
----------------------------------------------------------

14/131 Testing: heading
14/131 Test: heading
Command: "/home/wubu/WuBuOffice/build-plugin/src/wubuheading/test_heading"
Directory: /home/wubu/WuBuOffice/build-plugin/src/wubuheading
"heading" start time: Jul 30 20:34 EDT
Output:
----------------------------------------------------------
PASS: heading (sequential level enforcement, no skip)
<end of output>
Test time =   0.00 sec
----------------------------------------------------------
Test Passed.
"heading" end time: Jul 30 20:34 EDT
"heading" time elapsed: 00:00:00
----------------------------------------------------------

15/131 Testing: cite
15/131 Test: cite
Command: "/home/wubu/WuBuOffice/build-plugin/src/wubucite/test_cite"
Directory: /home/wubu/WuBuOffice/build-plugin/src/wubucite
"cite" start time: Jul 30 20:34 EDT
Output:
----------------------------------------------------------
PASS: cite (add/inline/bibliography)
<end of output>
Test time =   0.00 sec
----------------------------------------------------------
Test Passed.
"cite" end time: Jul 30 20:34 EDT
"cite" time elapsed: 00:00:00
----------------------------------------------------------

16/131 Testing: hash
16/131 Test: hash
Command: "/home/wubu/WuBuOffice/build-plugin/src/wubuhash/test_hash"
Directory: /home/wubu/WuBuOffice/build-plugin/src/wubuhash
"hash" start time: Jul 30 20:34 EDT
Output:
----------------------------------------------------------
PASS: hash (SHA-256 FIPS vectors)
<end of output>
Test time =   0.00 sec
----------------------------------------------------------
Test Passed.
"hash" end time: Jul 30 20:34 EDT
"hash" time elapsed: 00:00:00
----------------------------------------------------------

17/131 Testing: sig
17/131 Test: sig
Command: "/home/wubu/WuBuOffice/build-plugin/src/wubusig/test_sig"
Directory: /home/wubu/WuBuOffice/build-plugin/src/wubusig
"sig" start time: Jul 30 20:34 EDT
Output:
----------------------------------------------------------
PASS: sig (HMAC-SHA256 sign/verify/tamper)
<end of output>
Test time =   0.00 sec
----------------------------------------------------------
Test Passed.
"sig" end time: Jul 30 20:34 EDT
"sig" time elapsed: 00:00:00
----------------------------------------------------------

18/131 Testing: redact
18/131 Test: redact
Command: "/home/wubu/WuBuOffice/build-plugin/src/wuburedact/test_redact"
Directory: /home/wubu/WuBuOffice/build-plugin/src/wuburedact
"redact" start time: Jul 30 20:34 EDT
Output:
----------------------------------------------------------
PASS: redact (mark/apply/out-of-bounds)
<end of output>
Test time =   0.00 sec
----------------------------------------------------------
Test Passed.
"redact" end time: Jul 30 20:34 EDT
"redact" time elapsed: 00:00:00
----------------------------------------------------------

19/131 Testing: wubucsv
19/131 Test: wubucsv
Command: "/home/wubu/WuBuOffice/build-plugin/src/wubucsv/test_wubucsv"
Directory: /home/wubu/WuBuOffice/build-plugin/src/wubucsv
"wubucsv" start time: Jul 30 20:34 EDT
Output:
----------------------------------------------------------
PASS: csv (quoted comma/newline parsing)
<end of output>
Test time =   0.00 sec
----------------------------------------------------------
Test Passed.
"wubucsv" end time: Jul 30 20:34 EDT
"wubucsv" time elapsed: 00:00:00
----------------------------------------------------------

20/131 Testing: pasteplain
20/131 Test: pasteplain
Command: "/home/wubu/WuBuOffice/build-plugin/src/wubupasteplain/test_pasteplain"
Directory: /home/wubu/WuBuOffice/build-plugin/src/wubupasteplain
"pasteplain" start time: Jul 30 20:34 EDT
Output:
----------------------------------------------------------
PASS: pasteplain (html/rtf strip)
<end of output>
Test time =   0.00 sec
----------------------------------------------------------
Test Passed.
"pasteplain" end time: Jul 30 20:34 EDT
"pasteplain" time elapsed: 00:00:00
----------------------------------------------------------

21/131 Testing: rtf
21/131 Test: rtf
Command: "/home/wubu/WuBuOffice/build-plugin/src/wuburtf/test_rtf"
Directory: /home/wubu/WuBuOffice/build-plugin/src/wuburtf
"rtf" start time: Jul 30 20:34 EDT
Output:
----------------------------------------------------------
PASS: rtf (bold/italic + brace escaping)
<end of output>
Test time =   0.00 sec
----------------------------------------------------------
Test Passed.
"rtf" end time: Jul 30 20:34 EDT
"rtf" time elapsed: 00:00:00
----------------------------------------------------------

22/131 Testing: a11yannounce
22/131 Test: a11yannounce
Command: "/home/wubu/WuBuOffice/build-plugin/src/wubua11yannounce/test_a11yannounce"
Directory: /home/wubu/WuBuOffice/build-plugin/src/wubua11yannounce
"a11yannounce" start time: Jul 30 20:34 EDT
Output:
----------------------------------------------------------
PASS: a11yannounce (FIFO queue)
<end of output>
Test time =   0.00 sec
----------------------------------------------------------
Test Passed.
"a11yannounce" end time: Jul 30 20:34 EDT
"a11yannounce" time elapsed: 00:00:00
----------------------------------------------------------

23/131 Testing: form
23/131 Test: form
Command: "/home/wubu/WuBuOffice/build-plugin/src/wubuform/test_form"
Directory: /home/wubu/WuBuOffice/build-plugin/src/wubuform
"form" start time: Jul 30 20:34 EDT
Output:
----------------------------------------------------------
PASS: form (add/set/type/lookup)
<end of output>
Test time =   0.00 sec
----------------------------------------------------------
Test Passed.
"form" end time: Jul 30 20:34 EDT
"form" time elapsed: 00:00:00
----------------------------------------------------------

24/131 Testing: exp_png
24/131 Test: exp_png
Command: "/home/wubu/WuBuOffice/build-plugin/src/wubuexp_png/test_exp_png"
Directory: /home/wubu/WuBuOffice/build-plugin/src/wubuexp_png
"exp_png" start time: Jul 30 20:34 EDT
Output:
----------------------------------------------------------
PASS: exp_png (write + PNG signature)
<end of output>
Test time =   0.00 sec
----------------------------------------------------------
Test Passed.
"exp_png" end time: Jul 30 20:34 EDT
"exp_png" time elapsed: 00:00:00
----------------------------------------------------------

25/131 Testing: pdfextract
25/131 Test: pdfextract
Command: "/home/wubu/WuBuOffice/build-plugin/src/wubupdfextract/test_pdfextract"
Directory: /home/wubu/WuBuOffice/build-plugin/src/wubupdfextract
"pdfextract" start time: Jul 30 20:34 EDT
Output:
----------------------------------------------------------
PASS: pdfextract (graceful null + no-crash)
<end of output>
Test time =   0.00 sec
----------------------------------------------------------
Test Passed.
"pdfextract" end time: Jul 30 20:34 EDT
"pdfextract" time elapsed: 00:00:00
----------------------------------------------------------

26/131 Testing: xps
26/131 Test: xps
Command: "/home/wubu/WuBuOffice/build-plugin/src/wubuxps/test_xps"
Directory: /home/wubu/WuBuOffice/build-plugin/src/wubuxps
"xps" start time: Jul 30 20:34 EDT
Output:
----------------------------------------------------------
PASS: xps (store-ZIP container + FixedPage)
<end of output>
Test time =   0.00 sec
----------------------------------------------------------
Test Passed.
"xps" end time: Jul 30 20:34 EDT
"xps" time elapsed: 00:00:00
----------------------------------------------------------

27/131 Testing: aislot
27/131 Test: aislot
Command: "/home/wubu/WuBuOffice/build-plugin/src/wubuaislot/test_aislot"
Directory: /home/wubu/WuBuOffice/build-plugin/src/wubuaislot
"aislot" start time: Jul 30 20:34 EDT
Output:
----------------------------------------------------------
PASS: aislot (fallback + provider swap)
<end of output>
Test time =   0.00 sec
----------------------------------------------------------
Test Passed.
"aislot" end time: Jul 30 20:34 EDT
"aislot" time elapsed: 00:00:00
----------------------------------------------------------

28/131 Testing: sandbox
28/131 Test: sandbox
Command: "/home/wubu/WuBuOffice/build-plugin/src/wubusandbox/test_sandbox"
Directory: /home/wubu/WuBuOffice/build-plugin/src/wubusandbox
"sandbox" start time: Jul 30 20:34 EDT
Output:
----------------------------------------------------------
PASS: sandbox (deny-by-default capability gates)
<end of output>
Test time =   0.00 sec
----------------------------------------------------------
Test Passed.
"sandbox" end time: Jul 30 20:34 EDT
"sandbox" time elapsed: 00:00:00
----------------------------------------------------------

29/131 Testing: fmtpaint
29/131 Test: fmtpaint
Command: "/home/wubu/WuBuOffice/build-plugin/src/wubufmtpaint/test_fmtpaint"
Directory: /home/wubu/WuBuOffice/build-plugin/src/wubufmtpaint
"fmtpaint" start time: Jul 30 20:34 EDT
Output:
----------------------------------------------------------
PASS: fmtpaint (pick/apply/no-alias)
<end of output>
Test time =   0.00 sec
----------------------------------------------------------
Test Passed.
"fmtpaint" end time: Jul 30 20:34 EDT
"fmtpaint" time elapsed: 00:00:00
----------------------------------------------------------

30/131 Testing: nesttab
30/131 Test: nesttab
Command: "/home/wubu/WuBuOffice/build-plugin/src/wubunesttab/test_nesttab"
Directory: /home/wubu/WuBuOffice/build-plugin/src/wubunesttab
"nesttab" start time: Jul 30 20:34 EDT
Output:
----------------------------------------------------------
PASS: nesttab (build/nest depth 3/validate)
<end of output>
Test time =   0.00 sec
----------------------------------------------------------
Test Passed.
"nesttab" end time: Jul 30 20:34 EDT
"nesttab" time elapsed: 00:00:00
----------------------------------------------------------

31/131 Testing: pdfform
31/131 Test: pdfform
Command: "/home/wubu/WuBuOffice/build-plugin/src/wubupdfform/test_pdfform"
Directory: /home/wubu/WuBuOffice/build-plugin/src/wubupdfform
"pdfform" start time: Jul 30 20:34 EDT
Output:
----------------------------------------------------------
PASS: pdfform (AcroForm Tx+Btn, escaped values, valid xref)
<end of output>
Test time =   0.00 sec
----------------------------------------------------------
Test Passed.
"pdfform" end time: Jul 30 20:34 EDT
"pdfform" time elapsed: 00:00:00
----------------------------------------------------------

32/131 Testing: view
32/131 Test: view
Command: "/home/wubu/WuBuOffice/build-plugin/apps/wubuos/test_view"
Directory: /home/wubu/WuBuOffice/build-plugin/apps/wubuos
"view" start time: Jul 30 20:34 EDT
Output:
----------------------------------------------------------
[doc] ok 960x664
[cell] ok 960x664
[slide] ok 960x664
[ocr] ok 960x664
[editor] ok 960x664
[settings] ok 960x664
[settings] ok (Settings — dark, zoom 100%)
[doc(file)] ok 960x664
[doc] insert ok (3 overlays)
[doc] epub ok
[doc] a11y ok (1 issues)
[doc] a11y inline report ok
[kbd] palette keyboard-nav ok (id=3)
[doc] wubuscript field ok
[editor(file)] ok 960x664
[active-line] ok (highlight band rendered)
[save-as] ok (path=/tmp/wubuos_saveas_test.txt, 296 bytes)
[spell] ok (cat=known, zzqfoo=misspelled)
[autosave] ok (recovered text present)
[find] ok (7 matches, 7 replaced)
[goto] ok (line 3, cursor 77)
[eol] ok (LF<->CRLF)
[theme] ok (dark bg 40,43,50)
[multidoc] ok (count 1->1, cycle+close)
[bk] ok (2 -> 1, jump works)
[col] ok (block L0-2 C0-2)
[macro] ok (replayed 'Hi\n', ops=3)
[ac] ok (popup n=1, accepted 'printf')
[sess] ok (saved 2, restored 2)
[fold] ok (7 lines collapsed)
[funclist] ok (panel on, 1 symbols)
[cell(csv)] ok 960x664
[compare] ok 960x664
[cell] ok 960x664
[cell] ok (nav + SUM=79)
[cell] ok (live edit at E2 formula='A1+A1')
[ocr] ok 960x664
[ocr] ok (4 blocks; recognized '! ! ! ! ')
[ocr] selected '!'
[doc] ok 960x664
[doc-i] ok (sample rendered page)
[doc-toc] ok 960x664
[doc-toc] ok (toc=0 entries)
[doc-hc] ok (toggled 0->1)
[doc-i] ok (text opened, find 'bravo' hit)
[plugin-host] sample_plugin: init ok
[plugin-host] sample_plugin: exec
[plugin] ok (loaded 'hello', exec ok)
done bad=0
<end of output>
Test time =   0.06 sec
----------------------------------------------------------
Test Passed.
"view" end time: Jul 30 20:34 EDT
"view" time elapsed: 00:00:00
----------------------------------------------------------

33/131 Testing: shell_ui
33/131 Test: shell_ui
Command: "/home/wubu/WuBuOffice/build-plugin/apps/wubuos/test_shell_ui"
Directory: /home/wubu/WuBuOffice/build-plugin/apps/wubuos
"shell_ui" start time: Jul 30 20:34 EDT
Output:
----------------------------------------------------------
SHELL UI TESTS PASSED
<end of output>
Test time =   0.00 sec
----------------------------------------------------------
Test Passed.
"shell_ui" end time: Jul 30 20:34 EDT
"shell_ui" time elapsed: 00:00:00
----------------------------------------------------------

34/131 Testing: plugin_abi
34/131 Test: plugin_abi
Command: "/home/wubu/WuBuOffice/build-plugin/apps/wubuos/test_plugin_abi" "/home/wubu/WuBuOffice/build-plugin/apps/wubuos/plugins/sample_plugin.so" "/home/wubu/WuBuOffice/build-plugin/apps/wubuos/plugins/badabi_plugin.so"
Directory: /home/wubu/WuBuOffice/build-plugin/apps/wubuos
"plugin_abi" start time: Jul 30 20:34 EDT
Output:
----------------------------------------------------------
[plugin-host] sample_plugin: init ok
[ok] load good .so
[ok] exactly one plugin loaded
[ok] loaded plugin name == hello
[plugin-host] sample_plugin: exec
[ok] exec returns host-verified string
[plugin] /home/wubu/WuBuOffice/build-plugin/apps/wubuos/plugins/badabi_plugin.so: abi 999 != 1
[ok] loader rejects mismatched abi version
[ok] rejected plugin not added to manager
[plugin] dlopen /no/such/plugin.so: /no/such/plugin.so: cannot open shared object file: No such file or directory
[ok] loader rejects missing .so
[ok] missing .so not added to manager
done failures=0
<end of output>
Test time =   0.00 sec
----------------------------------------------------------
Test Passed.
"plugin_abi" end time: Jul 30 20:34 EDT
"plugin_abi" time elapsed: 00:00:00
----------------------------------------------------------

35/131 Testing: codefold
35/131 Test: codefold
Command: "/home/wubu/WuBuOffice/build-plugin/apps/wubuos/test_codefold"
Directory: /home/wubu/WuBuOffice/build-plugin/apps/wubuos
"codefold" start time: Jul 30 20:34 EDT
Output:
----------------------------------------------------------
PASS: codefold (toggle hide/show brace region, sym toggle, no-region)
<end of output>
Test time =   0.00 sec
----------------------------------------------------------
Test Passed.
"codefold" end time: Jul 30 20:34 EDT
"codefold" time elapsed: 00:00:00
----------------------------------------------------------

36/131 Testing: bkmk
36/131 Test: bkmk
Command: "/home/wubu/WuBuOffice/build-plugin/apps/wubuos/test_bkmk"
Directory: /home/wubu/WuBuOffice/build-plugin/apps/wubuos
"bkmk" start time: Jul 30 20:34 EDT
Output:
----------------------------------------------------------
PASS: bkmk (toggle, sorted-unique, has, jump next/prev, empty)
<end of output>
Test time =   0.00 sec
----------------------------------------------------------
Test Passed.
"bkmk" end time: Jul 30 20:34 EDT
"bkmk" time elapsed: 00:00:00
----------------------------------------------------------

37/131 Testing: autocomp
37/131 Test: autocomp
Command: "/home/wubu/WuBuOffice/build-plugin/apps/wubuos/test_autocomp"
Directory: /home/wubu/WuBuOffice/build-plugin/apps/wubuos
"autocomp" start time: Jul 30 20:34 EDT
Output:
----------------------------------------------------------
PASS: autocomp (collect builtins+docs, prefix, move, accept, close)
<end of output>
Test time =   0.00 sec
----------------------------------------------------------
Test Passed.
"autocomp" end time: Jul 30 20:34 EDT
"autocomp" time elapsed: 00:00:00
----------------------------------------------------------

38/131 Testing: findbar
38/131 Test: findbar
Command: "/home/wubu/WuBuOffice/build-plugin/apps/wubuos/test_findbar"
Directory: /home/wubu/WuBuOffice/build-plugin/apps/wubuos
"findbar" start time: Jul 30 20:34 EDT
Output:
----------------------------------------------------------
PASS: findbar (literal/regex find, replace-one, replace-all, clear, no-match)
<end of output>
Test time =   0.00 sec
----------------------------------------------------------
Test Passed.
"findbar" end time: Jul 30 20:34 EDT
"findbar" time elapsed: 00:00:00
----------------------------------------------------------

39/131 Testing: doccmd
39/131 Test: doccmd
Command: "/home/wubu/WuBuOffice/build-plugin/apps/wubuos/test_doccmd"
Directory: /home/wubu/WuBuOffice/build-plugin/apps/wubuos
"doccmd" start time: Jul 30 20:34 EDT
Output:
----------------------------------------------------------
  epub: EPUB written: /tmp/test_doccmd.epub
  save: DOCX saved: /tmp/test_doccmd.docx
  a11y issues: 1
  export pdf: PDF written: /tmp/wubuos_export.pdf
  export pdf_direct: PDF written (direct): /tmp/wubuos_export_direct.pdf
  export html: HTML written: /tmp/wubuos_export.html
  export markdown: Markdown written: /tmp/wubuos_export.md
  export latex: LaTeX written: /tmp/wubuos_export.tex
  export rtf: RTF written: /tmp/wubuos_export.rtf
  export rtf_runs: RTF runs written: /tmp/wubuos_export_runs.rtf
  redact: Redacted text written: /tmp/wubuos_redacted.txt
  col: col ok: threads=1 resolved=1
  cite: cite ok: count=2 inline1=(Jones, 2020) bib_len=88
  caption: caption ok: count=2 node1002=Figure 2: CRDT merge diagram
  heading: heading enforce ok: counted=1
  eqnum: eqnum scan ok: numbered=2
  vars: vars expand: count=2 out=Hello, Hermes! Year 2026.
  hash: sha256: 843943bf0edeb46031c94fab691da381c346493ab9f9a8226e9eb9f46fd393e5
  sig: doc sig: ok=1 sig=659b39032f34b2d5dbf5194a3ba1e8fdf158dc323618591f6a7d22895fc860d0...
  crdt: crdt ok: count=3 first=delta
  csv: csv parse: ok=1 rows=4 cols=3 cell00=name
  focus: focus ok: en=1 w=3 color=0x3399ffff
  watermark: watermark ok: en=1 text=DRAFT angle=-30 op=0.15
  dyslexia: dyslexia ok: en=1 face=OpenDyslexic spacing=1.30
  fmtpaint: fmtpaint ok: picked=0 applied=0 loaded=0
  sandbox: sandbox ok: read=1 write=0 fs=1 net=0 denials=2 eff=0x5
  form: form ok: count=3 name=Bob
  history: history ok: count=2 diff=-v1 text
+v2 text

  lang: lang ok: count=2 node5001=en-US node5002=fr-FR
  nesttab: nesttab ok: depth=1 valid=1
  pdfextract: pdfextract ok: text=Hi 
  pdfform: pdfform ok: rc=0 path=/tmp/wubuos_form.pdf
  scope: scope ok: count=2 table7001=col
  sync: sync ok: found=1 len=15
  xps: xps ok: rc=0 path=/tmp/wubuos_export.xps
  aislot: aislot ok: custom=0 out=This is a long document about CRDTs and real-time collaboration.

PASS: doccmd (15 structural inserts + script field + epub/save/a11y + 6 layout exporters + rtf_runs/redact/col + cite/caption/heading/eqnum/vars/hash/sig/crdt + csv/focus/watermark/dyslexia/fmtpaint/sandbox + form/history/lang/nesttab/pdfextract/pdfform/scope/sync/xps/aislot)
<end of output>
Test time =   0.01 sec
----------------------------------------------------------
Test Passed.
"doccmd" end time: Jul 30 20:34 EDT
"doccmd" time elapsed: 00:00:00
----------------------------------------------------------

40/131 Testing: macro
40/131 Test: macro
Command: "/home/wubu/WuBuOffice/build-plugin/apps/wubuos/test_macro"
Directory: /home/wubu/WuBuOffice/build-plugin/apps/wubuos
"macro" start time: Jul 30 20:34 EDT
Output:
----------------------------------------------------------
PASS: macro (record chars/return/backspace, toggle, count, playback seq, save/load)
<end of output>
Test time =   0.00 sec
----------------------------------------------------------
Test Passed.
"macro" end time: Jul 30 20:34 EDT
"macro" time elapsed: 00:00:00
----------------------------------------------------------

41/131 Testing: gotoline
41/131 Test: gotoline
Command: "/home/wubu/WuBuOffice/build-plugin/apps/wubuos/test_gotoline"
Directory: /home/wubu/WuBuOffice/build-plugin/apps/wubuos
"gotoline" start time: Jul 30 20:34 EDT
Output:
----------------------------------------------------------
PASS: gotoline (open/active, digit capture, backspace, commit, esc, dismiss)
<end of output>
Test time =   0.00 sec
----------------------------------------------------------
Test Passed.
"gotoline" end time: Jul 30 20:34 EDT
"gotoline" time elapsed: 00:00:00
----------------------------------------------------------

42/131 Testing: dialog
42/131 Test: dialog
Command: "/home/wubu/WuBuOffice/build-plugin/apps/wubuos/test_dialog"
Directory: /home/wubu/WuBuOffice/build-plugin/apps/wubuos
"dialog" start time: Jul 30 20:34 EDT
Output:
----------------------------------------------------------
PASS: dialog (open/active, type, backspace, confirm, cancel, default)
<end of output>
Test time =   0.00 sec
----------------------------------------------------------
Test Passed.
"dialog" end time: Jul 30 20:34 EDT
"dialog" time elapsed: 00:00:00
----------------------------------------------------------

43/131 Testing: font
43/131 Test: font
Command: "/home/wubu/WuBuOffice/build-plugin/apps/wubuos/test_font"
Directory: /home/wubu/WuBuOffice/build-plugin/apps/wubuos
"font" start time: Jul 30 20:34 EDT
Output:
----------------------------------------------------------
[font] 23 families enumerated
PASS: font (init, scan, 23 families, set/current, draw, OOB-reject)
<end of output>
Test time =   0.01 sec
----------------------------------------------------------
Test Passed.
"font" end time: Jul 30 20:34 EDT
"font" time elapsed: 00:00:00
----------------------------------------------------------

44/131 Testing: wubupad_bridge
44/131 Test: wubupad_bridge
Command: "/home/wubu/WuBuOffice/build-plugin/apps/wubupad_bridge/test_wubupad_bridge"
Directory: /home/wubu/WuBuOffice/build-plugin/apps/wubupad_bridge
"wubupad_bridge" start time: Jul 30 20:34 EDT
Output:
----------------------------------------------------------
PASS: wubupad_bridge (cross-repo reuse of WuBuPad core)
<end of output>
Test time =   0.00 sec
----------------------------------------------------------
Test Passed.
"wubupad_bridge" end time: Jul 30 20:34 EDT
"wubupad_bridge" time elapsed: 00:00:00
----------------------------------------------------------

45/131 Testing: ctc_test
45/131 Test: ctc_test
Command: "/home/wubu/WuBuOffice/build-plugin/tools/ctc_test"
Directory: /home/wubu/WuBuOffice/build-plugin/tools
"ctc_test" start time: Jul 30 20:34 EDT
Output:
----------------------------------------------------------
[1] perfect-input loss = 0.001341 (expect ~0)
[2] uniform-input loss = 1.136352  brute_cnt=15  ctc_cnt=26  expect_loss=1.136353
  (brute-force counter disagrees with CTC; trusting CTC forward)
[3] base loss=2.9993  grad mismatches(>5%)=0/20

CTC TESTS PASSED
<end of output>
Test time =   0.00 sec
----------------------------------------------------------
Test Passed.
"ctc_test" end time: Jul 30 20:34 EDT
"ctc_test" time elapsed: 00:00:00
----------------------------------------------------------

46/131 Testing: gru_test
46/131 Test: gru_test
Command: "/home/wubu/WuBuOffice/build-plugin/tools/gru_test"
Directory: /home/wubu/WuBuOffice/build-plugin/tools
"gru_test" start time: Jul 30 20:34 EDT
Output:
----------------------------------------------------------
GRU weight grad max|ana-num| = 1.398773e-05
GRU input grad  max|ana-num| = 1.140455e-05
GRU TESTS PASSED
<end of output>
Test time =   0.00 sec
----------------------------------------------------------
Test Passed.
"gru_test" end time: Jul 30 20:34 EDT
"gru_test" time elapsed: 00:00:00
----------------------------------------------------------

47/131 Testing: ocl_gru
47/131 Test: ocl_gru
Command: "/home/wubu/WuBuOffice/build-plugin/tools/ocl_gru_test"
Directory: /home/wubu/WuBuOffice/build-plugin/tools
"ocl_gru" start time: Jul 30 20:34 EDT
Output:
----------------------------------------------------------
SKIP: no OpenCL device
<end of output>
Test time =   0.00 sec
----------------------------------------------------------
Test Passed.
"ocl_gru" end time: Jul 30 20:34 EDT
"ocl_gru" time elapsed: 00:00:00
----------------------------------------------------------

48/131 Testing: test_math
48/131 Test: test_math
Command: "/home/wubu/WuBuOffice/build-plugin/tools/test_math"
Directory: /home/wubu/WuBuOffice/build-plugin/tools
"test_math" start time: Jul 30 20:34 EDT
Output:
----------------------------------------------------------
ok   got=1 expect=1  "E = mc^2"
ok   got=1 expect=1  "a^2 + b^2 = c^2"
ok   got=1 expect=1  "x = (-b + sqrt(b^2 - 4ac)) / (2a)"
ok   got=1 expect=1  "H_2O + O_2 -> H_2O_2"
ok   got=1 expect=1  "f(x) = (a + (b * c)) / d"
ok   got=1 expect=1  "α + β = γ"
ok   got=1 expect=1  "∫ f(x) dx = 0"
ok   got=1 expect=1  "∑ x_i = N"
ok   got=0 expect=0  "the quick brown fox jumps"
ok   got=0 expect=0  "This is a normal sentence about documents."
ok   got=0 expect=0  "We the people of the United States"
ok   got=0 expect=0  "a b c d e f g"
ok   got=0 expect=0  "hello world"
PASS: all math cases correct
<end of output>
Test time =   0.00 sec
----------------------------------------------------------
Test Passed.
"test_math" end time: Jul 30 20:34 EDT
"test_math" time elapsed: 00:00:00
----------------------------------------------------------

49/131 Testing: test_qr
49/131 Test: test_qr
Command: "/home/wubu/WuBuOffice/build-plugin/tools/test_qr"
Directory: /home/wubu/WuBuOffice/build-plugin/tools
"test_qr" start time: Jul 30 20:34 EDT
Output:
----------------------------------------------------------
ok   ver1 'A'
ok   ver1 'HELLO'
ok   ver3 'https://example.com/page?id=42'
ok   ver2 'WUBOFFICE OCR 1234567890'
ok   ver2 'this-is-a-26-byte-payload!'
ok   ver3 'a-42-byte-payload-that-needs-version-three'
ok   ver4 'sixty-two-bytes-of-payload-to-push-into-version-four-territory'
ok   damaged round-trip 'DAMAGE-TEST' (2x2 modules flipped, RS corrected)
ok   acquire v1 scale=6 off=(0,0) 'HI'
ok   acquire v1 scale=6 off=(0,0) 'QR-TEST-2026'
ok   acquire v1 scale=3 off=(0,0) 'QR-TEST-2026'
ok   acquire v1 scale=9 off=(0,0) 'QR-TEST-2026'
ok   acquire v1 scale=6 off=(57,33) 'QR-TEST-2026'
ok   acquire v2 scale=6 off=(0,0) 'https://waefrebeorn.com/x'
ok   acquire v4 scale=6 off=(0,0) 'WUBUOFFICE-QR-ACQUISITION-LONGER-PAYLOAD-42'
ok   acquire v4 scale=4 off=(21,60) 'WUBUOFFICE-QR-ACQUISITION-LONGER-PAYLOAD-42'
PASS: all QR cases correct
<end of output>
Test time =   0.00 sec
----------------------------------------------------------
Test Passed.
"test_qr" end time: Jul 30 20:34 EDT
"test_qr" time elapsed: 00:00:00
----------------------------------------------------------

50/131 Testing: rnn_test
50/131 Test: rnn_test
Command: "/home/wubu/WuBuOffice/build-plugin/tools/rnn_test"
Directory: /home/wubu/WuBuOffice/build-plugin/tools
"rnn_test" start time: Jul 30 20:34 EDT
Output:
----------------------------------------------------------
LSTM gradcheck: checked=13 fails(>5%)=0
LSTM TESTS PASSED
<end of output>
Test time =   0.00 sec
----------------------------------------------------------
Test Passed.
"rnn_test" end time: Jul 30 20:34 EDT
"rnn_test" time elapsed: 00:00:00
----------------------------------------------------------

51/131 Testing: gradcheck_conv3
51/131 Test: gradcheck_conv3
Command: "/home/wubu/WuBuOffice/build-plugin/tools/gradcheck_conv3"
Directory: /home/wubu/WuBuOffice/build-plugin/tools
"gradcheck_conv3" start time: Jul 30 20:34 EDT
Output:
----------------------------------------------------------
layer 0: n=72 checked=72 max|ana-num|=4.284e-04 fails(>2e-2)=0
layer 1: n=8 checked=8 max|ana-num|=3.506e-04 fails(>2e-2)=0
layer 2: n=1152 checked=231 max|ana-num|=1.955e-04 fails(>2e-2)=0
layer 3: n=16 checked=16 max|ana-num|=8.849e-05 fails(>2e-2)=0
layer 4: n=4608 checked=201 max|ana-num|=2.309e-05 fails(>2e-2)=0
layer 5: n=32 checked=32 max|ana-num|=1.213e-05 fails(>2e-2)=0
=== GRADCHECK: worst_max_err=4.284e-04 at layer 0, total_fails=0 ===
PASS
<end of output>
Test time =   0.62 sec
----------------------------------------------------------
Test Passed.
"gradcheck_conv3" end time: Jul 30 20:34 EDT
"gradcheck_conv3" time elapsed: 00:00:00
----------------------------------------------------------

52/131 Testing: zoning
52/131 Test: zoning
Command: "/home/wubu/WuBuOffice/build-plugin/tools/test_zoning"
Directory: /home/wubu/WuBuOffice/build-plugin/tools
"zoning" start time: Jul 30 20:34 EDT
Output:
----------------------------------------------------------
test_zoning: ALL PASS (glyph diff=10.369)
<end of output>
Test time =   0.00 sec
----------------------------------------------------------
Test Passed.
"zoning" end time: Jul 30 20:34 EDT
"zoning" time elapsed: 00:00:00
----------------------------------------------------------

53/131 Testing: mlp
53/131 Test: mlp
Command: "/home/wubu/WuBuOffice/build-plugin/tools/test_mlp"
Directory: /home/wubu/WuBuOffice/build-plugin/tools
"mlp" start time: Jul 30 20:34 EDT
Output:
----------------------------------------------------------
test_mlp: ALL PASS
<end of output>
Test time =   0.00 sec
----------------------------------------------------------
Test Passed.
"mlp" end time: Jul 30 20:34 EDT
"mlp" time elapsed: 00:00:00
----------------------------------------------------------

54/131 Testing: convnet
54/131 Test: convnet
Command: "/home/wubu/WuBuOffice/build-plugin/tools/test_convnet"
Directory: /home/wubu/WuBuOffice/build-plugin/tools
"convnet" start time: Jul 30 20:34 EDT
Output:
----------------------------------------------------------
conv feature dim = 256 (K2=16, pool2 4x4)
conv+MLP train accuracy on separable 2-class: 100.00%
conv+MLP LEARNS -> forward+backward (incl. 2-stage conv) correct
test_convnet: ALL PASS
<end of output>
Test time =   2.56 sec
----------------------------------------------------------
Test Passed.
"convnet" end time: Jul 30 20:34 EDT
"convnet" time elapsed: 00:00:02
----------------------------------------------------------

55/131 Testing: convnet3
55/131 Test: convnet3
Command: "/home/wubu/WuBuOffice/build-plugin/tools/test_convnet3"
Directory: /home/wubu/WuBuOffice/build-plugin/tools
"convnet3" start time: Jul 30 20:34 EDT
Output:
----------------------------------------------------------
[conv3 smoke] 4 core(s), 1600 samples x 60 epochs (full-batch SGD)
conv3+MLP end-to-end on separable 2-class: acc=100.0%
PASS
<end of output>
Test time =  49.27 sec
----------------------------------------------------------
Test Passed.
"convnet3" end time: Jul 30 20:34 EDT
"convnet3" time elapsed: 00:00:49
----------------------------------------------------------

56/131 Testing: convnet3_im2col
56/131 Test: convnet3_im2col
Command: "/home/wubu/WuBuOffice/build-plugin/tools/test_convnet3_im2col"
Directory: /home/wubu/WuBuOffice/build-plugin/tools
"convnet3_im2col" start time: Jul 30 20:34 EDT
Output:
----------------------------------------------------------
[fwd] max|new-ref| = 1.073e-06 (D=256)
[grad] bias analytic=4.0000  finite-diff=4.0000  (|diff|=7.153e-07)
PASS
<end of output>
Test time =   0.01 sec
----------------------------------------------------------
Test Passed.
"convnet3_im2col" end time: Jul 30 20:34 EDT
"convnet3_im2col" time elapsed: 00:00:00
----------------------------------------------------------

57/131 Testing: inorm_gradcheck
57/131 Test: inorm_gradcheck
Command: "/home/wubu/WuBuOffice/build-plugin/tools/gradcheck_inorm"
Directory: /home/wubu/WuBuOffice/build-plugin/tools
"inorm_gradcheck" start time: Jul 30 20:34 EDT
Output:
----------------------------------------------------------
ga1[5]: analytic= 0.102422  fd= 0.102579  rel_err=7.64e-04  ok
be1[0]: analytic= 0.000738  fd= 0.000945  rel_err=1.23e-01  ok
ga2[14]: analytic= 0.012335  fd= 0.012264  rel_err=2.91e-03  ok
be2[26]: analytic=-0.006201  fd=-0.006258  rel_err=4.58e-03  ok
ga3[19]: analytic= 0.023068  fd= 0.023028  rel_err=8.67e-04  ok
be3[51]: analytic=-0.020195  fd=-0.020196  rel_err=2.98e-05  ok

GRADCHECK PASS
<end of output>
Test time =   0.01 sec
----------------------------------------------------------
Test Passed.
"inorm_gradcheck" end time: Jul 30 20:34 EDT
"inorm_gradcheck" time elapsed: 00:00:00
----------------------------------------------------------

58/131 Testing: stylebank
58/131 Test: stylebank
Command: "/home/wubu/WuBuOffice/build-plugin/tools/test_stylebank"
Directory: /home/wubu/WuBuOffice/build-plugin/tools
"stylebank" start time: Jul 30 20:34 EDT
Output:
----------------------------------------------------------
WARN: could not load data/conv3.wts (run a trainer first) -- skipping load test
ensemble forward OK (slot0 logit=-0.004)
WARN: train_slot skipped (no fashion t10k)
promote returned slot 0
PASS
<end of output>
Test time =   0.08 sec
----------------------------------------------------------
Test Passed.
"stylebank" end time: Jul 30 20:34 EDT
"stylebank" time elapsed: 00:00:00
----------------------------------------------------------

59/131 Testing: emnist_train_conv3_smoke
59/131 Test: emnist_train_conv3_smoke
Command: "/home/wubu/WuBuOffice/build-plugin/tools/emnist_train_conv3" "data/emnist" "128" "64" "2" "2000"
Directory: /home/wubu/WuBuOffice
"emnist_train_conv3_smoke" start time: Jul 30 20:34 EDT
Output:
----------------------------------------------------------
[threads] using 4 worker thread(s) (detected 4 cores)
conv3+MLP: conv feats=256 -> MLP 256->128->64->26; epochs=2 batch=256 lr=0.0500 sgd norm=0 nclass=26; train=124800 test=20800
  epoch  1: train_acc~3.90%  lr=0.0050
  epoch  2: train_acc~3.90%  lr=0.0275

=== dataset (ultra-light conv3+MLP, plain C11 sgd) ===
OVERALL ACCURACY: 3.52% (732/20800)
saved conv3 -> data/emnist/conv3.wts
saved mlp  -> data/emnist/conv3_mlp.wts
<end of output>
Test time =   8.91 sec
----------------------------------------------------------
Test Passed.
"emnist_train_conv3_smoke" end time: Jul 30 20:35 EDT
"emnist_train_conv3_smoke" time elapsed: 00:00:08
----------------------------------------------------------

60/131 Testing: wubuzip_crc
60/131 Test: wubuzip_crc
Command: "/home/wubu/WuBuOffice/build-plugin/tests/test_wubuzip"
Directory: /home/wubu/WuBuOffice/build-plugin/tests
"wubuzip_crc" start time: Jul 30 20:35 EDT
Output:
----------------------------------------------------------
zip bytes: 138
ALL TESTS PASSED
<end of output>
Test time =   0.00 sec
----------------------------------------------------------
Test Passed.
"wubuzip_crc" end time: Jul 30 20:35 EDT
"wubuzip_crc" time elapsed: 00:00:00
----------------------------------------------------------

61/131 Testing: inflate
61/131 Test: inflate
Command: "/home/wubu/WuBuOffice/build-plugin/tests/test_inflate"
Directory: /home/wubu/WuBuOffice/build-plugin/tests
"inflate" start time: Jul 30 20:35 EDT
Output:
----------------------------------------------------------
ok case 0 (len 0)
ok case 1 (len 16)
ok case 2 (len 23)
ok case 3 (len 99)
ok case 4 (len 113)
INFLATE TESTS PASSED
<end of output>
Test time =   0.00 sec
----------------------------------------------------------
Test Passed.
"inflate" end time: Jul 30 20:35 EDT
"inflate" time elapsed: 00:00:00
----------------------------------------------------------

62/131 Testing: formula
62/131 Test: formula
Command: "/home/wubu/WuBuOffice/build-plugin/tests/test_formula"
Directory: /home/wubu/WuBuOffice/build-plugin/tests
"formula" start time: Jul 30 20:35 EDT
Output:
----------------------------------------------------------
FORMULA TESTS OK (77 functions registered)
<end of output>
Test time =   0.00 sec
----------------------------------------------------------
Test Passed.
"formula" end time: Jul 30 20:35 EDT
"formula" time elapsed: 00:00:00
----------------------------------------------------------

63/131 Testing: spell
63/131 Test: spell
Command: "/home/wubu/WuBuOffice/build-plugin/tests/test_spell"
Directory: /home/wubu/WuBuOffice/build-plugin/tests
"spell" start time: Jul 30 20:35 EDT
Output:
----------------------------------------------------------
PASS: wubuspell (dict + suggest + scan + load)
<end of output>
Test time =   0.00 sec
----------------------------------------------------------
Test Passed.
"spell" end time: Jul 30 20:35 EDT
"spell" time elapsed: 00:00:00
----------------------------------------------------------

64/131 Testing: base
64/131 Test: base
Command: "/home/wubu/WuBuOffice/build-plugin/tests/test_base"
Directory: /home/wubu/WuBuOffice/build-plugin/tests
"base" start time: Jul 30 20:35 EDT
Output:
----------------------------------------------------------
base: all tests passed
<end of output>
Test time =   0.00 sec
----------------------------------------------------------
Test Passed.
"base" end time: Jul 30 20:35 EDT
"base" time elapsed: 00:00:00
----------------------------------------------------------

65/131 Testing: png
65/131 Test: png
Command: "/home/wubu/WuBuOffice/build-plugin/tests/test_png"
Directory: /home/wubu/WuBuOffice/build-plugin/tests
"png" start time: Jul 30 20:35 EDT
Output:
----------------------------------------------------------
png: all tests passed
<end of output>
Test time =   0.00 sec
----------------------------------------------------------
Test Passed.
"png" end time: Jul 30 20:35 EDT
"png" time elapsed: 00:00:00
----------------------------------------------------------

66/131 Testing: chart
66/131 Test: chart
Command: "/home/wubu/WuBuOffice/build-plugin/tests/test_chart"
Directory: /home/wubu/WuBuOffice/build-plugin/tests
"chart" start time: Jul 30 20:35 EDT
Output:
----------------------------------------------------------
PASS: wubuchart (bar/line/pie/scatter + formula subtitle, wubusvg-validated)
<end of output>
Test time =   0.00 sec
----------------------------------------------------------
Test Passed.
"chart" end time: Jul 30 20:35 EDT
"chart" time elapsed: 00:00:00
----------------------------------------------------------

67/131 Testing: autosave
67/131 Test: autosave
Command: "/home/wubu/WuBuOffice/build-plugin/tests/test_autosave"
Directory: /home/wubu/WuBuOffice/build-plugin/tests
"autosave" start time: Jul 30 20:35 EDT
Output:
----------------------------------------------------------
PASS: wubuautosave (atomic snapshot, dirty-skip, crash recovery round-trip)
<end of output>
Test time =   0.01 sec
----------------------------------------------------------
Test Passed.
"autosave" end time: Jul 30 20:35 EDT
"autosave" time elapsed: 00:00:00
----------------------------------------------------------

68/131 Testing: draw
68/131 Test: draw
Command: "/home/wubu/WuBuOffice/build-plugin/tests/test_draw"
Directory: /home/wubu/WuBuOffice/build-plugin/tests
"draw" start time: Jul 30 20:35 EDT
Output:
----------------------------------------------------------
PASS: wubudraw (rect/ellipse/line/polyline/text, wubusvg-validated)
<end of output>
Test time =   0.00 sec
----------------------------------------------------------
Test Passed.
"draw" end time: Jul 30 20:35 EDT
"draw" time elapsed: 00:00:00
----------------------------------------------------------

69/131 Testing: wubumath
69/131 Test: wubumath
Command: "/home/wubu/WuBuOffice/build-plugin/tests/test_wubumath"
Directory: /home/wubu/WuBuOffice/build-plugin/tests
"wubumath" start time: Jul 30 20:35 EDT
Output:
----------------------------------------------------------
PASS: wubumath (frac/sup/sub/group, wubusvg-validated)
<end of output>
Test time =   0.00 sec
----------------------------------------------------------
Test Passed.
"wubumath" end time: Jul 30 20:35 EDT
"wubumath" time elapsed: 00:00:00
----------------------------------------------------------

70/131 Testing: epub
70/131 Test: epub
Command: "/home/wubu/WuBuOffice/build-plugin/tests/test_epub"
Directory: /home/wubu/WuBuOffice/build-plugin/tests
"epub" start time: Jul 30 20:35 EDT
Output:
----------------------------------------------------------
PASS: wubuepub (valid EPUB3: mimetype + container + opf + nav + chapter)
<end of output>
Test time =   0.00 sec
----------------------------------------------------------
Test Passed.
"epub" end time: Jul 30 20:35 EDT
"epub" time elapsed: 00:00:00
----------------------------------------------------------

71/131 Testing: epub_model_roundtrip
71/131 Test: epub_model_roundtrip
Command: "/home/wubu/WuBuOffice/build-plugin/tests/test_epub_model_roundtrip"
Directory: /home/wubu/WuBuOffice/build-plugin/tests
"epub_model_roundtrip" start time: Jul 30 20:35 EDT
Output:
----------------------------------------------------------
PASS: epub writer<->model loader round trip (heading/para/table/link)
<end of output>
Test time =   0.00 sec
----------------------------------------------------------
Test Passed.
"epub_model_roundtrip" end time: Jul 30 20:35 EDT
"epub_model_roundtrip" time elapsed: 00:00:00
----------------------------------------------------------

72/131 Testing: a11y
72/131 Test: a11y
Command: "/home/wubu/WuBuOffice/build-plugin/tests/test_a11y"
Directory: /home/wubu/WuBuOffice/build-plugin/tests
"a11y" start time: Jul 30 20:35 EDT
Output:
----------------------------------------------------------
PASS: wubua11y (doc empty/titled + EPUB parts good/bad)
<end of output>
Test time =   0.00 sec
----------------------------------------------------------
Test Passed.
"a11y" end time: Jul 30 20:35 EDT
"a11y" time elapsed: 00:00:00
----------------------------------------------------------

73/131 Testing: script
73/131 Test: script
Command: "/home/wubu/WuBuOffice/build-plugin/tests/test_script"
Directory: /home/wubu/WuBuOffice/build-plugin/tests
"script" start time: Jul 30 20:35 EDT
Output:
----------------------------------------------------------
PASS: wubuscript (arith, SUM, vars, unknown-var fail, str)
<end of output>
Test time =   0.00 sec
----------------------------------------------------------
Test Passed.
"script" end time: Jul 30 20:35 EDT
"script" time elapsed: 00:00:00
----------------------------------------------------------

74/131 Testing: model
74/131 Test: model
Command: "/home/wubu/WuBuOffice/build-plugin/tests/test_model"
Directory: /home/wubu/WuBuOffice/build-plugin/tests
"model" start time: Jul 30 20:35 EDT
Output:
----------------------------------------------------------
model: all green-baseline checks passed
<end of output>
Test time =   0.00 sec
----------------------------------------------------------
Test Passed.
"model" end time: Jul 30 20:35 EDT
"model" time elapsed: 00:00:00
----------------------------------------------------------

75/131 Testing: doc_cache
75/131 Test: doc_cache
Command: "/home/wubu/WuBuOffice/build-plugin/tests/test_doc_cache"
Directory: /home/wubu/WuBuOffice/build-plugin/tests
"doc_cache" start time: Jul 30 20:35 EDT
Output:
----------------------------------------------------------
doc_cache: ALL CHECKS PASSED (ws07#1342)
<end of output>
Test time =   0.00 sec
----------------------------------------------------------
Test Passed.
"doc_cache" end time: Jul 30 20:35 EDT
"doc_cache" time elapsed: 00:00:00
----------------------------------------------------------

76/131 Testing: load_async
76/131 Test: load_async
Command: "/home/wubu/WuBuOffice/build-plugin/tests/test_load_async"
Directory: /home/wubu/WuBuOffice/build-plugin/tests
"load_async" start time: Jul 30 20:35 EDT
Output:
----------------------------------------------------------
load_async: ALL CHECKS PASSED (ws07#1334)
<end of output>
Test time =   0.00 sec
----------------------------------------------------------
Test Passed.
"load_async" end time: Jul 30 20:35 EDT
"load_async" time elapsed: 00:00:00
----------------------------------------------------------

77/131 Testing: deflate_roundtrip
77/131 Test: deflate_roundtrip
Command: "/home/wubu/WuBuOffice/build-plugin/tests/test_deflate_roundtrip"
Directory: /home/wubu/WuBuOffice/build-plugin/tests
"deflate_roundtrip" start time: Jul 30 20:35 EDT
Output:
----------------------------------------------------------
deflate_roundtrip: 4/4 PASSED (our own DEFLATE, no zlib) (ws07#1338)
<end of output>
Test time =   0.00 sec
----------------------------------------------------------
Test Passed.
"deflate_roundtrip" end time: Jul 30 20:35 EDT
"deflate_roundtrip" time elapsed: 00:00:00
----------------------------------------------------------

78/131 Testing: cold_start
78/131 Test: cold_start
Command: "/home/wubu/WuBuOffice/build-plugin/tests/test_cold_start"
Directory: /home/wubu/WuBuOffice/build-plugin/tests
"cold_start" start time: Jul 30 20:35 EDT
Output:
----------------------------------------------------------
cold_start: 0.015 ms (bound 50 ms) PASSED (ws07#1333)
<end of output>
Test time =   0.00 sec
----------------------------------------------------------
Test Passed.
"cold_start" end time: Jul 30 20:35 EDT
"cold_start" time elapsed: 00:00:00
----------------------------------------------------------

79/131 Testing: model_io_roundtrip
79/131 Test: model_io_roundtrip
Command: "/home/wubu/WuBuOffice/build-plugin/tests/test_model_io_roundtrip"
Directory: /home/wubu/WuBuOffice/build-plugin/tests
"model_io_roundtrip" start time: Jul 30 20:35 EDT
Output:
----------------------------------------------------------
model_io_roundtrip: structural write->load->cache->async PASSED (ws05#0885/#0884/#082, ws07#1342/#1334)
<end of output>
Test time =   0.00 sec
----------------------------------------------------------
Test Passed.
"model_io_roundtrip" end time: Jul 30 20:35 EDT
"model_io_roundtrip" time elapsed: 00:00:00
----------------------------------------------------------

80/131 Testing: wubuxml_parser
80/131 Test: wubuxml_parser
Command: "/home/wubu/WuBuOffice/build-plugin/tests/test_wubuxml_parser"
Directory: /home/wubu/WuBuOffice/build-plugin/tests
"wubuxml_parser" start time: Jul 30 20:35 EDT
Output:
----------------------------------------------------------
wubuxml_parser: closing-tag event order + nesting + entities + malformed-rejection PASSED (ws05#0884 regression)
<end of output>
Test time =   0.00 sec
----------------------------------------------------------
Test Passed.
"wubuxml_parser" end time: Jul 30 20:35 EDT
"wubuxml_parser" time elapsed: 00:00:00
----------------------------------------------------------

81/131 Testing: reader_roundtrip
81/131 Test: reader_roundtrip
Command: "/home/wubu/WuBuOffice/build-plugin/tests/test_reader"
Directory: /home/wubu/WuBuOffice/build-plugin/tests
"reader_roundtrip" start time: Jul 30 20:35 EDT
Output:
----------------------------------------------------------
READER ROUNDTRIP PASSED
<end of output>
Test time =   0.00 sec
----------------------------------------------------------
Test Passed.
"reader_roundtrip" end time: Jul 30 20:35 EDT
"reader_roundtrip" time elapsed: 00:00:00
----------------------------------------------------------

82/131 Testing: extract
82/131 Test: extract
Command: "/home/wubu/WuBuOffice/build-plugin/tests/test_extract"
Directory: /home/wubu/WuBuOffice/build-plugin/tests
"extract" start time: Jul 30 20:35 EDT
Output:
----------------------------------------------------------
ok docx extract
ok xlsx extract (shared strings + formula cached)
ok pptx extract
EXTRACT TEST PASSED
<end of output>
Test time =   0.01 sec
----------------------------------------------------------
Test Passed.
"extract" end time: Jul 30 20:35 EDT
"extract" time elapsed: 00:00:00
----------------------------------------------------------

83/131 Testing: edit_roundtrip
83/131 Test: edit_roundtrip
Command: "/home/wubu/WuBuOffice/build-plugin/tests/test_edit"
Directory: /home/wubu/WuBuOffice/build-plugin/tests
"edit_roundtrip" start time: Jul 30 20:35 EDT
Output:
----------------------------------------------------------
EDIT DOCX OK
EDIT XLSX OK
EDIT PPTX OK
EDIT ROUNDTRIP PASSED (docx + xlsx + pptx lossless)
<end of output>
Test time =   0.01 sec
----------------------------------------------------------
Test Passed.
"edit_roundtrip" end time: Jul 30 20:35 EDT
"edit_roundtrip" time elapsed: 00:00:00
----------------------------------------------------------

84/131 Testing: conformance
84/131 Test: conformance
Command: "/home/wubu/WuBuOffice/build-plugin/tests/test_conformance"
Directory: /home/wubu/WuBuOffice/build-plugin/tests
"conformance" start time: Jul 30 20:35 EDT
Output:
----------------------------------------------------------
CONFORMANT
openpyxl unavailable -> SKIP value check
CONFORMANT (well-formed; value oracle skipped)
python-pptx unavailable -> SKIP value check
CONFORMANT (well-formed; value oracle skipped)
conformance: /tmp/conf.docx -> CONFORMANT
conformance: /tmp/conf.xlsx -> CONFORMANT
conformance: /tmp/conf.pptx -> CONFORMANT
CONFORMANCE PASSED (3 checked, 0 skipped)
<end of output>
Test time =   0.07 sec
----------------------------------------------------------
Test Passed.
"conformance" end time: Jul 30 20:35 EDT
"conformance" time elapsed: 00:00:00
----------------------------------------------------------

85/131 Testing: foreign_read
85/131 Test: foreign_read
Command: "/home/wubu/WuBuOffice/build-plugin/tests/test_foreign"
Directory: /home/wubu/WuBuOffice/build-plugin/tests
"foreign_read" start time: Jul 30 20:35 EDT
Output:
----------------------------------------------------------
openpyxl unavailable
FOREIGN SKIPPED (openpyxl/python-pptx unavailable)
<end of output>
Test time =   0.02 sec
----------------------------------------------------------
Test Passed.
"foreign_read" end time: Jul 30 20:35 EDT
"foreign_read" time elapsed: 00:00:00
----------------------------------------------------------

86/131 Testing: cell_read
86/131 Test: cell_read
Command: "/home/wubu/WuBuOffice/build-plugin/tests/test_cell_read"
Directory: /home/wubu/WuBuOffice/build-plugin/tests
"cell_read" start time: Jul 30 20:35 EDT
Output:
----------------------------------------------------------
XLSX READ ROUNDTRIP PASSED (shared strings + formula recalc)
<end of output>
Test time =   0.00 sec
----------------------------------------------------------
Test Passed.
"cell_read" end time: Jul 30 20:35 EDT
"cell_read" time elapsed: 00:00:00
----------------------------------------------------------

87/131 Testing: cell_cycle
87/131 Test: cell_cycle
Command: "/home/wubu/WuBuOffice/build-plugin/tests/test_cell_cycle"
Directory: /home/wubu/WuBuOffice/build-plugin/tests
"cell_cycle" start time: Jul 30 20:35 EDT
Output:
----------------------------------------------------------
cell_cycle: circular-reference crash fixed + #CYCLE! surfaces + normal eval OK
<end of output>
Test time =   0.00 sec
----------------------------------------------------------
Test Passed.
"cell_cycle" end time: Jul 30 20:35 EDT
"cell_cycle" time elapsed: 00:00:00
----------------------------------------------------------

88/131 Testing: cell_merge
88/131 Test: cell_merge
Command: "/home/wubu/WuBuOffice/build-plugin/tests/test_cell_merge"
Directory: /home/wubu/WuBuOffice/build-plugin/tests
"cell_merge" start time: Jul 30 20:35 EDT
Output:
----------------------------------------------------------
cell_merge: XLSX merge write+read round trip PASSED
<end of output>
Test time =   0.00 sec
----------------------------------------------------------
Test Passed.
"cell_merge" end time: Jul 30 20:35 EDT
"cell_merge" time elapsed: 00:00:00
----------------------------------------------------------

89/131 Testing: csv
89/131 Test: csv
Command: "/home/wubu/WuBuOffice/build-plugin/tests/test_csv"
Directory: /home/wubu/WuBuOffice/build-plugin/tests
"csv" start time: Jul 30 20:35 EDT
Output:
----------------------------------------------------------
CSV TEST PASSED (RFC 4180 quoting + newline + numeric + TSV round-trip)
<end of output>
Test time =   0.00 sec
----------------------------------------------------------
Test Passed.
"csv" end time: Jul 30 20:35 EDT
"csv" time elapsed: 00:00:00
----------------------------------------------------------

90/131 Testing: md
90/131 Test: md
Command: "/home/wubu/WuBuOffice/build-plugin/tests/test_md"
Directory: /home/wubu/WuBuOffice/build-plugin/tests
"md" start time: Jul 30 20:35 EDT
Output:
----------------------------------------------------------
MD TEST PASSED (md -> docx -> model -> md/html, headings+bold+table)
<end of output>
Test time =   0.00 sec
----------------------------------------------------------
Test Passed.
"md" end time: Jul 30 20:35 EDT
"md" time elapsed: 00:00:00
----------------------------------------------------------

91/131 Testing: rtf_json
91/131 Test: rtf_json
Command: "/home/wubu/WuBuOffice/build-plugin/tests/test_rtf_json"
Directory: /home/wubu/WuBuOffice/build-plugin/tests
"rtf_json" start time: Jul 30 20:35 EDT
Output:
----------------------------------------------------------
RTF/JSON TEST PASSED (rtf + doc/book/pres json, oracle-validated)
<end of output>
Test time =   0.05 sec
----------------------------------------------------------
Test Passed.
"rtf_json" end time: Jul 30 20:35 EDT
"rtf_json" time elapsed: 00:00:00
----------------------------------------------------------

92/131 Testing: odf
92/131 Test: odf
Command: "/home/wubu/WuBuOffice/build-plugin/tests/test_odf"
Directory: /home/wubu/WuBuOffice/build-plugin/tests
"odf" start time: Jul 30 20:35 EDT
Output:
----------------------------------------------------------
odfpy unavailable
ODT OK
ODS OK
ODP OK
FOREIGN ODF SKIPPED (odfpy unavailable)
ODF TEST PASSED (odt/ods/odp write+read + foreign odfpy interop)
<end of output>
Test time =   0.02 sec
----------------------------------------------------------
Test Passed.
"odf" end time: Jul 30 20:35 EDT
"odf" time elapsed: 00:00:00
----------------------------------------------------------

93/131 Testing: convert
93/131 Test: convert
Command: "/home/wubu/WuBuOffice/build-plugin/tests/test_convert"
Directory: /home/wubu/WuBuOffice/build-plugin/tests
"convert" start time: Jul 30 20:35 EDT
Output:
----------------------------------------------------------
odfpy unavailable
odfpy SKIP
(odfpy oracle skipped)
CONVERT TEST PASSED (full matrix: same-family + cross-family + ODF + JSON oracle)
<end of output>
Test time =   0.12 sec
----------------------------------------------------------
Test Passed.
"convert" end time: Jul 30 20:35 EDT
"convert" time elapsed: 00:00:00
----------------------------------------------------------

94/131 Testing: conv_model
94/131 Test: conv_model
Command: "/home/wubu/WuBuOffice/build-plugin/tests/test_conv_model"
Directory: /home/wubu/WuBuOffice/build-plugin/tests
"conv_model" start time: Jul 30 20:35 EDT
Output:
----------------------------------------------------------
PASS: conv_model (model->text: section→paragraph, table→table block)
<end of output>
Test time =   0.00 sec
----------------------------------------------------------
Test Passed.
"conv_model" end time: Jul 30 20:35 EDT
"conv_model" time elapsed: 00:00:00
----------------------------------------------------------

95/131 Testing: word_lists
95/131 Test: word_lists
Command: "/home/wubu/WuBuOffice/build-plugin/tests/test_word_lists"
Directory: /home/wubu/WuBuOffice/build-plugin/tests
"word_lists" start time: Jul 30 20:35 EDT
Output:
----------------------------------------------------------
test_word_lists: PASS
<end of output>
Test time =   0.00 sec
----------------------------------------------------------
Test Passed.
"word_lists" end time: Jul 30 20:35 EDT
"word_lists" time elapsed: 00:00:00
----------------------------------------------------------

96/131 Testing: readers
96/131 Test: readers
Command: "/home/wubu/WuBuOffice/build-plugin/tests/test_readers"
Directory: /home/wubu/WuBuOffice/build-plugin/tests
"readers" start time: Jul 30 20:35 EDT
Output:
----------------------------------------------------------
READERS TEST PASSED (rtf/html/epub -> dm_doc round-trip, text + table recovered)
<end of output>
Test time =   0.00 sec
----------------------------------------------------------
Test Passed.
"readers" end time: Jul 30 20:35 EDT
"readers" time elapsed: 00:00:00
----------------------------------------------------------

97/131 Testing: legacy_pdf
97/131 Test: legacy_pdf
Command: "/home/wubu/WuBuOffice/build-plugin/tests/test_legacy_pdf"
Directory: /home/wubu/WuBuOffice/build-plugin/tests
"legacy_pdf" start time: Jul 30 20:35 EDT
Output:
----------------------------------------------------------
(xls oracle skipped: xlwt unavailable)
(pdf oracle skipped: pypdf/pdfminer unavailable)
(xls write oracle skipped: xlrd unavailable)
(doc write oracle skipped: olefile unavailable)
(ppt write oracle skipped: olefile unavailable)
real MS .doc decoded OK (piece table)
real MS .ppt decoded OK (1 slide[s])
real MS .xls opened OK (3 sheet[s])
(some oracles skipped; core paths exercised where libs present)
LEGACY+PDF TEST PASSED
<end of output>
Test time =   0.10 sec
----------------------------------------------------------
Test Passed.
"legacy_pdf" end time: Jul 30 20:35 EDT
"legacy_pdf" time elapsed: 00:00:00
----------------------------------------------------------

98/131 Testing: flat_epub
98/131 Test: flat_epub
Command: "/home/wubu/WuBuOffice/build-plugin/tests/test_flat_epub"
Directory: /home/wubu/WuBuOffice/build-plugin/tests
"flat_epub" start time: Jul 30 20:35 EDT
Output:
----------------------------------------------------------
flat OK root=office:document child=office:text
flat OK root=office:document child=office:spreadsheet
flat OK root=office:document child=office:presentation
(epub oracle skipped: EbookLib unavailable)
(epub oracle skipped; flat-ODF gates exercised regardless)
FLAT+EPUB TEST PASSED
<end of output>
Test time =   0.09 sec
----------------------------------------------------------
Test Passed.
"flat_epub" end time: Jul 30 20:35 EDT
"flat_epub" time elapsed: 00:00:00
----------------------------------------------------------

99/131 Testing: wubufont
99/131 Test: wubufont
Command: "/home/wubu/WuBuOffice/build-plugin/tests/test_wubufont"
Directory: /home/wubu/WuBuOffice/build-plugin/tests
"wubufont" start time: Jul 30 20:35 EDT
Output:
----------------------------------------------------------
using font: /usr/share/fonts/truetype/dejavu/DejaVuSans.ttf
  unitsPerEm=2048
  glyphCount=6253
  'A' path[0..40]=M700 -1294L426 -551L975 -551ZM586 -1493L
  family="DejaVu Sans"
  'H' @96ppm: 35x71 ink=18.7%
  'A' @96ppm: 43x71 ink=20.0%
  'l' @32ppm: 3x25 ink=22
  'i' @32ppm: 3x26 ink=17
WUBUFONT TESTS PASSED (real font: /usr/share/fonts/truetype/dejavu/DejaVuSans.ttf)
<end of output>
Test time =   0.13 sec
----------------------------------------------------------
Test Passed.
"wubufont" end time: Jul 30 20:35 EDT
"wubufont" time elapsed: 00:00:00
----------------------------------------------------------

100/131 Testing: wubuocr
100/131 Test: wubuocr
Command: "/home/wubu/WuBuOffice/build-plugin/tests/test_wubuocr"
Directory: /home/wubu/WuBuOffice/build-plugin/tests
"wubuocr" start time: Jul 30 20:35 EDT
Output:
----------------------------------------------------------
WUBUOCR TESTS PASSED
<end of output>
Test time =   0.00 sec
----------------------------------------------------------
Test Passed.
"wubuocr" end time: Jul 30 20:35 EDT
"wubuocr" time elapsed: 00:00:00
----------------------------------------------------------

101/131 Testing: crnn_transcribe
101/131 Test: crnn_transcribe
Command: "/home/wubu/WuBuOffice/build-plugin/tests/test_crnn_transcribe"
Directory: /home/wubu/WuBuOffice
"crnn_transcribe" start time: Jul 30 20:35 EDT
Output:
----------------------------------------------------------
SKIP: set LOAD=<trained .crnn>
<end of output>
Test time =   0.00 sec
----------------------------------------------------------
Test Passed.
"crnn_transcribe" end time: Jul 30 20:35 EDT
"crnn_transcribe" time elapsed: 00:00:00
----------------------------------------------------------

102/131 Testing: crnn_transcribe_full
102/131 Test: crnn_transcribe_full
Command: "/home/wubu/WuBuOffice/build-plugin/tests/test_crnn_transcribe_full"
Directory: /home/wubu/WuBuOffice
"crnn_transcribe_full" start time: Jul 30 20:35 EDT
Output:
----------------------------------------------------------
SKIP: set LOAD=<trained .crnn>
<end of output>
Test time =   0.00 sec
----------------------------------------------------------
Test Passed.
"crnn_transcribe_full" end time: Jul 30 20:35 EDT
"crnn_transcribe_full" time elapsed: 00:00:00
----------------------------------------------------------

103/131 Testing: columns
103/131 Test: columns
Command: "/home/wubu/WuBuOffice/build-plugin/tests/test_columns"
Directory: /home/wubu/WuBuOffice/build-plugin/tests
"columns" start time: Jul 30 20:35 EDT
Output:
----------------------------------------------------------
SKIP: set LOAD=<model> CHARS=<charset>
<end of output>
Test time =   0.00 sec
----------------------------------------------------------
Test Passed.
"columns" end time: Jul 30 20:35 EDT
"columns" time elapsed: 00:00:00
----------------------------------------------------------

104/131 Testing: imageops
104/131 Test: imageops
Command: "/home/wubu/WuBuOffice/build-plugin/tests/test_imageops"
Directory: /home/wubu/WuBuOffice/build-plugin/tests
"imageops" start time: Jul 30 20:35 EDT
Output:
----------------------------------------------------------
PASS: test_imageops (0 checks)
<end of output>
Test time =   0.00 sec
----------------------------------------------------------
Test Passed.
"imageops" end time: Jul 30 20:35 EDT
"imageops" time elapsed: 00:00:00
----------------------------------------------------------

105/131 Testing: xlsx
105/131 Test: xlsx
Command: "/home/wubu/WuBuOffice/build-plugin/tests/test_xlsx"
Directory: /home/wubu/WuBuOffice/build-plugin/tests
"xlsx" start time: Jul 30 20:35 EDT
Output:
----------------------------------------------------------
OK: xlsx has all 6 OOXML parts
PASS: test_xlsx
<end of output>
Test time =   0.00 sec
----------------------------------------------------------
Test Passed.
"xlsx" end time: Jul 30 20:35 EDT
"xlsx" time elapsed: 00:00:00
----------------------------------------------------------

106/131 Testing: docfmt2
106/131 Test: docfmt2
Command: "/home/wubu/WuBuOffice/build-plugin/tests/test_docfmt2"
Directory: /home/wubu/WuBuOffice/build-plugin/tests
"docfmt2" start time: Jul 30 20:35 EDT
Output:
----------------------------------------------------------
PASS: test_docfmt2 (TEI + order/head/cconf)
<end of output>
Test time =   0.00 sec
----------------------------------------------------------
Test Passed.
"docfmt2" end time: Jul 30 20:35 EDT
"docfmt2" time elapsed: 00:00:00
----------------------------------------------------------

107/131 Testing: pdfua
107/131 Test: pdfua
Command: "/home/wubu/WuBuOffice/build-plugin/tests/test_pdfua"
Directory: /home/wubu/WuBuOffice/build-plugin/tests
"pdfua" start time: Jul 30 20:35 EDT
Output:
----------------------------------------------------------
PASS: test_pdfua (StructTreeRoot + MarkInfo + /Lang=ru)
<end of output>
Test time =   0.00 sec
----------------------------------------------------------
Test Passed.
"pdfua" end time: Jul 30 20:35 EDT
"pdfua" time elapsed: 00:00:00
----------------------------------------------------------

108/131 Testing: nfc
108/131 Test: nfc
Command: "/home/wubu/WuBuOffice/build-plugin/tests/test_nfc"
Directory: /home/wubu/WuBuOffice/build-plugin/tests
"nfc" start time: Jul 30 20:35 EDT
Output:
----------------------------------------------------------
PASS: test_nfc (Latin NFC composition)
<end of output>
Test time =   0.00 sec
----------------------------------------------------------
Test Passed.
"nfc" end time: Jul 30 20:35 EDT
"nfc" time elapsed: 00:00:00
----------------------------------------------------------

109/131 Testing: imgops
109/131 Test: imgops
Command: "/home/wubu/WuBuOffice/build-plugin/tests/test_imgops"
Directory: /home/wubu/WuBuOffice/build-plugin/tests
"imgops" start time: Jul 30 20:35 EDT
Output:
----------------------------------------------------------
PASS test_imgops
<end of output>
Test time =   0.00 sec
----------------------------------------------------------
Test Passed.
"imgops" end time: Jul 30 20:35 EDT
"imgops" time elapsed: 00:00:00
----------------------------------------------------------

110/131 Testing: docfmt
110/131 Test: docfmt
Command: "/home/wubu/WuBuOffice/build-plugin/tests/test_docfmt"
Directory: /home/wubu/WuBuOffice/build-plugin/tests
"docfmt" start time: Jul 30 20:35 EDT
Output:
----------------------------------------------------------
PASS test_docfmt
<end of output>
Test time =   0.00 sec
----------------------------------------------------------
Test Passed.
"docfmt" end time: Jul 30 20:35 EDT
"docfmt" time elapsed: 00:00:00
----------------------------------------------------------

111/131 Testing: ocr_realpage
111/131 Test: ocr_realpage
Command: "/home/wubu/WuBuOffice/build-plugin/tests/test_ocr_realpage"
Directory: /home/wubu/WuBuOffice/build-plugin/tests
"ocr_realpage" start time: Jul 30 20:35 EDT
Output:
----------------------------------------------------------
SKIP (set LOAD=/path/to/latin.crnn)
<end of output>
Test time =   0.00 sec
----------------------------------------------------------
Test Passed.
"ocr_realpage" end time: Jul 30 20:35 EDT
"ocr_realpage" time elapsed: 00:00:00
----------------------------------------------------------

112/131 Testing: wubuocr_recognize
112/131 Test: wubuocr_recognize
Command: "/home/wubu/WuBuOffice/build-plugin/tests/test_wubuocr_recognize"
Directory: /home/wubu/WuBuOffice/build-plugin/tests
"wubuocr_recognize" start time: Jul 30 20:35 EDT
Output:
----------------------------------------------------------
  digit recognition: 10/10 correct
  uppercase recognition: 9/12 correct
WUBUOCR RECOGNIZE TESTS PASSED
<end of output>
Test time =   0.00 sec
----------------------------------------------------------
Test Passed.
"wubuocr_recognize" end time: Jul 30 20:35 EDT
"wubuocr_recognize" time elapsed: 00:00:00
----------------------------------------------------------

113/131 Testing: fontbank
113/131 Test: fontbank
Command: "/home/wubu/WuBuOffice/build-plugin/tests/test_fontbank"
Directory: /home/wubu/WuBuOffice/build-plugin/tests
"fontbank" start time: Jul 30 20:35 EDT
Output:
----------------------------------------------------------
using 4 font(s) in bank
  nb=5
  recovered: "HHee'''']o]o" (expected "Hello")
  deduped: "He'']o]o"
FONTBANK TESTS PASSED (4 fonts)
<end of output>
Test time =   0.01 sec
----------------------------------------------------------
Test Passed.
"fontbank" end time: Jul 30 20:35 EDT
"fontbank" time elapsed: 00:00:00
----------------------------------------------------------

114/131 Testing: gauntlet
114/131 Test: gauntlet
Command: "/home/wubu/WuBuOffice/build-plugin/tests/test_gauntlet"
Directory: /home/wubu/WuBuOffice/build-plugin/tests
"gauntlet" start time: Jul 30 20:35 EDT
Output:
----------------------------------------------------------
using 4 font(s)
  clean-probe accuracy = 60.0%
  ablation(drop 0) accuracy = 60.0%
  scatter recall (read/placed) = 51.7%
  lines recall (read/placed) = 50.0%
  grid recall (read/placed) = 39.6%
GAUNTLET TESTS PASSED (4 fonts)
<end of output>
Test time =   0.13 sec
----------------------------------------------------------
Test Passed.
"gauntlet" end time: Jul 30 20:35 EDT
"gauntlet" time elapsed: 00:00:00
----------------------------------------------------------

115/131 Testing: latin1
115/131 Test: latin1
Command: "/home/wubu/WuBuOffice/build-plugin/tests/test_latin1"
Directory: /home/wubu/WuBuOffice/build-plugin/tests
"latin1" start time: Jul 30 20:35 EDT
Output:
----------------------------------------------------------
using 3 font(s) for Latin tier
  latin1 scatter recall (read/placed) = 19.4%
LATIN1 TESTS PASSED (3 fonts)
<end of output>
Test time =   0.01 sec
----------------------------------------------------------
Test Passed.
"latin1" end time: Jul 30 20:35 EDT
"latin1" time elapsed: 00:00:00
----------------------------------------------------------

116/131 Testing: wubunote_ctrl
116/131 Test: wubunote_ctrl
Command: "/home/wubu/WuBuOffice/build-plugin/tests/test_wubunote_ctrl"
Directory: /home/wubu/WuBuOffice/build-plugin/tests
"wubunote_ctrl" start time: Jul 30 20:35 EDT
Output:
----------------------------------------------------------
WUBUNOTE CTRL TESTS PASSED
<end of output>
Test time =   0.00 sec
----------------------------------------------------------
Test Passed.
"wubunote_ctrl" end time: Jul 30 20:35 EDT
"wubunote_ctrl" time elapsed: 00:00:00
----------------------------------------------------------

117/131 Testing: wubunote
117/131 Test: wubunote
Command: "/home/wubu/WuBuOffice/build-plugin/tests/test_wubunote"
Directory: /home/wubu/WuBuOffice/build-plugin/tests
"wubunote" start time: Jul 30 20:35 EDT
Output:
----------------------------------------------------------
WUBUEDIT TESTS PASSED
<end of output>
Test time =   0.00 sec
----------------------------------------------------------
Test Passed.
"wubunote" end time: Jul 30 20:35 EDT
"wubunote" time elapsed: 00:00:00
----------------------------------------------------------

118/131 Testing: wubuview
118/131 Test: wubuview
Command: "/home/wubu/WuBuOffice/build-plugin/tests/test_wubuview"
Directory: /home/wubu/WuBuOffice/build-plugin/tests
"wubuview" start time: Jul 30 20:35 EDT
Output:
----------------------------------------------------------
WUBUVIEW TESTS PASSED
<end of output>
Test time =   0.00 sec
----------------------------------------------------------
Test Passed.
"wubuview" end time: Jul 30 20:35 EDT
"wubuview" time elapsed: 00:00:00
----------------------------------------------------------

119/131 Testing: wubuview_ctrl
119/131 Test: wubuview_ctrl
Command: "/home/wubu/WuBuOffice/build-plugin/tests/test_wubuview_ctrl"
Directory: /home/wubu/WuBuOffice/build-plugin/tests
"wubuview_ctrl" start time: Jul 30 20:35 EDT
Output:
----------------------------------------------------------
WUBUVIEW CTRL TESTS PASSED
<end of output>
Test time =   0.00 sec
----------------------------------------------------------
Test Passed.
"wubuview_ctrl" end time: Jul 30 20:35 EDT
"wubuview_ctrl" time elapsed: 00:00:00
----------------------------------------------------------

120/131 Testing: wubusvg
120/131 Test: wubusvg
Command: "/home/wubu/WuBuOffice/build-plugin/tests/test_wubusvg"
Directory: /home/wubu/WuBuOffice/build-plugin/tests
"wubusvg" start time: Jul 30 20:35 EDT
Output:
----------------------------------------------------------
WUBUSVG TESTS PASSED
<end of output>
Test time =   0.00 sec
----------------------------------------------------------
Test Passed.
"wubusvg" end time: Jul 30 20:35 EDT
"wubusvg" time elapsed: 00:00:00
----------------------------------------------------------

121/131 Testing: wubudoc
121/131 Test: wubudoc
Command: "/home/wubu/WuBuOffice/build-plugin/tests/test_wubudoc"
Directory: /home/wubu/WuBuOffice/build-plugin/tests
"wubudoc" start time: Jul 30 20:35 EDT
Output:
----------------------------------------------------------
WUBUDOC TESTS PASSED
<end of output>
Test time =   0.01 sec
----------------------------------------------------------
Test Passed.
"wubudoc" end time: Jul 30 20:35 EDT
"wubudoc" time elapsed: 00:00:00
----------------------------------------------------------

122/131 Testing: drop
122/131 Test: drop
Command: "/home/wubu/WuBuOffice/build-plugin/tests/test_drop"
Directory: /home/wubu/WuBuOffice/build-plugin/tests
"drop" start time: Jul 30 20:35 EDT
Output:
----------------------------------------------------------
  paste decode OK
  drop text extraction OK
  drop PDF extraction OK
  drop PNG decode + ingest OK
DROP TESTS PASSED
<end of output>
Test time =   0.01 sec
----------------------------------------------------------
Test Passed.
"drop" end time: Jul 30 20:35 EDT
"drop" time elapsed: 00:00:00
----------------------------------------------------------

123/131 Testing: wubusvg_agent
123/131 Test: wubusvg_agent
Command: "/home/wubu/WuBuOffice/build-plugin/tests/test_wubusvg_agent"
Directory: /home/wubu/WuBuOffice/build-plugin/tests
"wubusvg_agent" start time: Jul 30 20:35 EDT
Output:
----------------------------------------------------------
WUBUSVG_AGENT TESTS PASSED
<end of output>
Test time =   0.00 sec
----------------------------------------------------------
Test Passed.
"wubusvg_agent" end time: Jul 30 20:35 EDT
"wubusvg_agent" time elapsed: 00:00:00
----------------------------------------------------------

124/131 Testing: gpu_blas
124/131 Test: gpu_blas
Command: "/home/wubu/WuBuOffice/build-plugin/tests/test_gpu_blas"
Directory: /home/wubu/WuBuOffice/build-plugin/tests
"gpu_blas" start time: Jul 30 20:35 EDT
Output:
----------------------------------------------------------
gpu_available = 0
GEMM   PASS (maxdiff=0.00e+00)
CONV   PASS (Hout=20 Wout=20 maxdiff=0.00e+00)
OVERALL: PASS
<end of output>
Test time =   0.00 sec
----------------------------------------------------------
Test Passed.
"gpu_blas" end time: Jul 30 20:35 EDT
"gpu_blas" time elapsed: 00:00:00
----------------------------------------------------------

125/131 Testing: gru_gpu_gradcheck
125/131 Test: gru_gpu_gradcheck
Command: "/home/wubu/WuBuOffice/build-plugin/tests/test_gru_gpu"
Directory: /home/wubu/WuBuOffice/build-plugin/tests
"gru_gpu_gradcheck" start time: Jul 30 20:35 EDT
Output:
----------------------------------------------------------
gpu_available=0
  idx=79 an=-1.2379e-01 fd=-1.2362e-01
  idx=118 an=-5.2687e-02 fd=-5.2493e-02
  idx=15 an=6.0376e-01 fd=6.0362e-01
  idx=59 an=-7.1953e-03 fd=-6.9123e-03
  idx=93 an=-1.3494e-02 fd=-1.3490e-02
gradcheck: nparams=216 ncheck=200 maxrel=0.000e+00 max|an|=7.971e+00 max|fd|=7.971e+00
GRU GPU backward PASS (maxrel=0.000e+00)
OVERALL: PASS
<end of output>
Test time =   0.00 sec
----------------------------------------------------------
Test Passed.
"gru_gpu_gradcheck" end time: Jul 30 20:35 EDT
"gru_gpu_gradcheck" time elapsed: 00:00:00
----------------------------------------------------------

126/131 Testing: gemm_nt
126/131 Test: gemm_nt
Command: "/home/wubu/WuBuOffice/build-plugin/tests/test_gemm_nt"
Directory: /home/wubu/WuBuOffice/build-plugin/tests
"gemm_nt" start time: Jul 30 20:35 EDT
Output:
----------------------------------------------------------
gemmNT     maxdiff=0.00e+00 PASS
gemmT      maxdiff=0.00e+00 PASS
PASS
<end of output>
Test time =   0.00 sec
----------------------------------------------------------
Test Passed.
"gemm_nt" end time: Jul 30 20:35 EDT
"gemm_nt" time elapsed: 00:00:00
----------------------------------------------------------

127/131 Testing: gru_cmp
127/131 Test: gru_cmp
Command: "/home/wubu/WuBuOffice/build-plugin/tests/test_gru_cmp"
Directory: /home/wubu/WuBuOffice/build-plugin/tests
"gru_cmp" start time: Jul 30 20:35 EDT
Output:
----------------------------------------------------------
gpu=0
WEIGHT diffs=0/216
FORWARD maxdiff=0.000e+00 PASS
GRAD maxdiff=9.537e-07 (216 params) PASS
DX maxdiff=8.941e-08 PASS
OVERALL: PASS
<end of output>
Test time =   0.00 sec
----------------------------------------------------------
Test Passed.
"gru_cmp" end time: Jul 30 20:35 EDT
"gru_cmp" time elapsed: 00:00:00
----------------------------------------------------------

128/131 Testing: layout
128/131 Test: layout
Command: "/home/wubu/WuBuOffice/build-plugin/tests/test_layout"
Directory: /home/wubu/WuBuOffice/build-plugin/tests
"layout" start time: Jul 30 20:35 EDT
Output:
----------------------------------------------------------
LAYOUT TESTS PASSED
<end of output>
Test time =   0.00 sec
----------------------------------------------------------
Test Passed.
"layout" end time: Jul 30 20:35 EDT
"layout" time elapsed: 00:00:00
----------------------------------------------------------

129/131 Testing: exp
129/131 Test: exp
Command: "/home/wubu/WuBuOffice/build-plugin/tests/test_exp"
Directory: /home/wubu/WuBuOffice/build-plugin/tests
"exp" start time: Jul 30 20:35 EDT
Output:
----------------------------------------------------------
EXP TESTS PASSED
<end of output>
Test time =   0.00 sec
----------------------------------------------------------
Test Passed.
"exp" end time: Jul 30 20:35 EDT
"exp" time elapsed: 00:00:00
----------------------------------------------------------

130/131 Testing: settings
130/131 Test: settings
Command: "/home/wubu/WuBuOffice/build-plugin/tests/test_settings"
Directory: /home/wubu/WuBuOffice/build-plugin/tests
"settings" start time: Jul 30 20:35 EDT
Output:
----------------------------------------------------------
SETTINGS TESTS PASSED
<end of output>
Test time =   0.00 sec
----------------------------------------------------------
Test Passed.
"settings" end time: Jul 30 20:35 EDT
"settings" time elapsed: 00:00:00
----------------------------------------------------------

131/131 Testing: toc
131/131 Test: toc
Command: "/home/wubu/WuBuOffice/build-plugin/tests/test_toc"
Directory: /home/wubu/WuBuOffice/build-plugin/tests
"toc" start time: Jul 30 20:35 EDT
Output:
----------------------------------------------------------
TOC + SETTINGS + FOOTNOTE TESTS PASSED
<end of output>
Test time =   0.00 sec
----------------------------------------------------------
Test Passed.
"toc" end time: Jul 30 20:35 EDT
"toc" time elapsed: 00:00:00
----------------------------------------------------------

End testing: Jul 30 20:35 EDT

a11y =   0.00 sec*proc

a11yannounce =   0.00 sec*proc

a11ytree =   0.00 sec*proc

aislot =   0.00 sec*proc

apps =   0.09 sec*proc

autocomp =   0.00 sec*proc

autosave =   0.01 sec*proc

base =   0.00 sec*proc

bkmk =   0.00 sec*proc

caption =   0.00 sec*proc

cell =   0.01 sec*proc

chart =   0.00 sec*proc

cite =   0.00 sec*proc

codefold =   0.00 sec*proc

col =   0.00 sec*proc

convert =   0.00 sec*proc

crdt =   0.00 sec*proc

dialog =   0.00 sec*proc

doc =   0.02 sec*proc

doccmd =   0.01 sec*proc

draw =   0.00 sec*proc

dyslexia =   0.00 sec*proc

epub =   0.00 sec*proc

eqnum =   0.00 sec*proc

exp =   0.00 sec*proc

exp_png =   0.00 sec*proc

findbar =   0.00 sec*proc

fmtpaint =   0.00 sec*proc

focus =   0.00 sec*proc

font =   0.13 sec*proc

form =   0.00 sec*proc

formula =   0.00 sec*proc

gotoline =   0.00 sec*proc

gpu =   0.01 sec*proc

hash =   0.00 sec*proc

heading =   0.00 sec*proc

history =   0.00 sec*proc

lang =   0.00 sec*proc

layout =   0.00 sec*proc

libs =   0.03 sec*proc

macro =   0.00 sec*proc

math =   0.00 sec*proc

model =   0.01 sec*proc

nesttab =   0.00 sec*proc

note =   0.00 sec*proc

ocr =  60.92 sec*proc

odf =   0.14 sec*proc

oxml =   0.11 sec*proc

pasteplain =   0.00 sec*proc

pdfextract =   0.00 sec*proc

pdfform =   0.00 sec*proc

plugin =   0.00 sec*proc

png =   0.00 sec*proc

redact =   0.00 sec*proc

rtf =   0.00 sec*proc

sandbox =   0.00 sec*proc

scope =   0.00 sec*proc

script =   0.00 sec*proc

settings =   0.00 sec*proc

sig =   0.00 sec*proc

spell =   0.00 sec*proc

svg =   0.00 sec*proc

sync =   0.00 sec*proc

toc =   0.00 sec*proc

vars =   0.00 sec*proc

view =   0.07 sec*proc

watermark =   0.00 sec*proc

word =   0.25 sec*proc

wubucsv =   0.00 sec*proc

xps =   0.00 sec*proc

zip =   0.00 sec*proc

