Start testing: Jul 27 03:19 EDT
----------------------------------------------------------
1/84 Testing: view
1/84 Test: view
Command: "/home/wubu/WuBuOffice/build-plugin/apps/wubuos/test_view"
Directory: /home/wubu/WuBuOffice/build-plugin/apps/wubuos
"view" start time: Jul 27 03:19 EDT
Output:
----------------------------------------------------------
[doc] ok 960x1064
[cell] ok 960x664
[slide] ok 960x664
[ocr] ok 960x664
[editor] ok 960x664
[doc(file)] ok 960x1064
[doc] insert ok (3 overlays)
[doc] epub ok
[doc] a11y ok (1 issues)
[editor(file)] ok 960x664
[spell] ok (cat=known, zzqfoo=misspelled)
[autosave] ok (recovered text present)
[find] ok (7 matches, 7 replaced)
[goto] ok (line 3, cursor 77)
[eol] ok (LF<->CRLF)
[theme] ok (dark bg 40,43,50)
[multidoc] ok (count 1->1, cycle+close)
[bk] ok (2 -> 1, jump works)
[col] ok (block L0-2 C0-2)
[macro] ok (replayed 'Hi\n', ops=3)
[ac] ok (popup n=1, accepted 'printf')
[sess] ok (saved 2, restored 2)
[fold] ok (7 lines collapsed)
[funclist] ok (panel on, 1 symbols)
[cell(csv)] ok 960x664
[compare] ok 960x664
[cell] ok 960x664
[cell] ok (nav + SUM=79)
[cell] ok (live edit at E2 formula='A1+A1')
[ocr] ok 960x664
[ocr] ok (4 blocks; recognized '! ! ! ! ')
[ocr] selected '!'
[doc] ok 960x1064
[doc-i] ok (sample rendered page)
[doc-i] ok (text opened, find 'bravo' hit)
[plugin-host] sample_plugin: init ok
[plugin-host] sample_plugin: exec
[plugin] ok (loaded 'hello', exec ok)
done bad=0
<end of output>
Test time =   0.04 sec
----------------------------------------------------------
Test Passed.
"view" end time: Jul 27 03:19 EDT
"view" time elapsed: 00:00:00
----------------------------------------------------------

2/84 Testing: plugin_abi
2/84 Test: plugin_abi
Command: "/home/wubu/WuBuOffice/build-plugin/apps/wubuos/test_plugin_abi" "/home/wubu/WuBuOffice/build-plugin/apps/wubuos/plugins/sample_plugin.so" "/home/wubu/WuBuOffice/build-plugin/apps/wubuos/plugins/badabi_plugin.so"
Directory: /home/wubu/WuBuOffice/build-plugin/apps/wubuos
"plugin_abi" start time: Jul 27 03:19 EDT
Output:
----------------------------------------------------------
[plugin-host] sample_plugin: init ok
[ok] load good .so
[ok] exactly one plugin loaded
[ok] loaded plugin name == hello
[plugin-host] sample_plugin: exec
[ok] exec returns host-verified string
[plugin] /home/wubu/WuBuOffice/build-plugin/apps/wubuos/plugins/badabi_plugin.so: abi 999 != 1
[ok] loader rejects mismatched abi version
[ok] rejected plugin not added to manager
[plugin] dlopen /no/such/plugin.so: /no/such/plugin.so: cannot open shared object file: No such file or directory
[ok] loader rejects missing .so
[ok] missing .so not added to manager
done failures=0
<end of output>
Test time =   0.00 sec
----------------------------------------------------------
Test Passed.
"plugin_abi" end time: Jul 27 03:19 EDT
"plugin_abi" time elapsed: 00:00:00
----------------------------------------------------------

3/84 Testing: wubupad_bridge
3/84 Test: wubupad_bridge
Command: "/home/wubu/WuBuOffice/build-plugin/apps/wubupad_bridge/test_wubupad_bridge"
Directory: /home/wubu/WuBuOffice/build-plugin/apps/wubupad_bridge
"wubupad_bridge" start time: Jul 27 03:19 EDT
Output:
----------------------------------------------------------
PASS: wubupad_bridge (cross-repo reuse of WuBuPad core)
<end of output>
Test time =   0.00 sec
----------------------------------------------------------
Test Passed.
"wubupad_bridge" end time: Jul 27 03:19 EDT
"wubupad_bridge" time elapsed: 00:00:00
----------------------------------------------------------

4/84 Testing: ctc_test
4/84 Test: ctc_test
Command: "/home/wubu/WuBuOffice/build-plugin/tools/ctc_test"
Directory: /home/wubu/WuBuOffice/build-plugin/tools
"ctc_test" start time: Jul 27 03:19 EDT
Output:
----------------------------------------------------------
[1] perfect-input loss = 0.001341 (expect ~0)
[2] uniform-input loss = 1.136352  brute_cnt=15  ctc_cnt=26  expect_loss=1.136353
  (brute-force counter disagrees with CTC; trusting CTC forward)
[3] base loss=2.9993  grad mismatches(>5%)=0/20

CTC TESTS PASSED
<end of output>
Test time =   0.00 sec
----------------------------------------------------------
Test Passed.
"ctc_test" end time: Jul 27 03:19 EDT
"ctc_test" time elapsed: 00:00:00
----------------------------------------------------------

5/84 Testing: gru_test
5/84 Test: gru_test
Command: "/home/wubu/WuBuOffice/build-plugin/tools/gru_test"
Directory: /home/wubu/WuBuOffice/build-plugin/tools
"gru_test" start time: Jul 27 03:19 EDT
Output:
----------------------------------------------------------
GRU weight grad max|ana-num| = 1.398773e-05
GRU input grad  max|ana-num| = 1.140455e-05
GRU TESTS PASSED
<end of output>
Test time =   0.00 sec
----------------------------------------------------------
Test Passed.
"gru_test" end time: Jul 27 03:19 EDT
"gru_test" time elapsed: 00:00:00
----------------------------------------------------------

6/84 Testing: ocl_gru
6/84 Test: ocl_gru
Command: "/home/wubu/WuBuOffice/build-plugin/tools/ocl_gru_test"
Directory: /home/wubu/WuBuOffice/build-plugin/tools
"ocl_gru" start time: Jul 27 03:19 EDT
Output:
----------------------------------------------------------
SKIP: no OpenCL device
<end of output>
Test time =   0.00 sec
----------------------------------------------------------
Test Passed.
"ocl_gru" end time: Jul 27 03:19 EDT
"ocl_gru" time elapsed: 00:00:00
----------------------------------------------------------

7/84 Testing: test_math
7/84 Test: test_math
Command: "/home/wubu/WuBuOffice/build-plugin/tools/test_math"
Directory: /home/wubu/WuBuOffice/build-plugin/tools
"test_math" start time: Jul 27 03:19 EDT
Output:
----------------------------------------------------------
ok   got=1 expect=1  "E = mc^2"
ok   got=1 expect=1  "a^2 + b^2 = c^2"
ok   got=1 expect=1  "x = (-b + sqrt(b^2 - 4ac)) / (2a)"
ok   got=1 expect=1  "H_2O + O_2 -> H_2O_2"
ok   got=1 expect=1  "f(x) = (a + (b * c)) / d"
ok   got=1 expect=1  "α + β = γ"
ok   got=1 expect=1  "∫ f(x) dx = 0"
ok   got=1 expect=1  "∑ x_i = N"
ok   got=0 expect=0  "the quick brown fox jumps"
ok   got=0 expect=0  "This is a normal sentence about documents."
ok   got=0 expect=0  "We the people of the United States"
ok   got=0 expect=0  "a b c d e f g"
ok   got=0 expect=0  "hello world"
PASS: all math cases correct
<end of output>
Test time =   0.00 sec
----------------------------------------------------------
Test Passed.
"test_math" end time: Jul 27 03:19 EDT
"test_math" time elapsed: 00:00:00
----------------------------------------------------------

8/84 Testing: test_qr
8/84 Test: test_qr
Command: "/home/wubu/WuBuOffice/build-plugin/tools/test_qr"
Directory: /home/wubu/WuBuOffice/build-plugin/tools
"test_qr" start time: Jul 27 03:19 EDT
Output:
----------------------------------------------------------
ok   ver1 'A'
ok   ver1 'HELLO'
ok   ver3 'https://example.com/page?id=42'
ok   ver2 'WUBOFFICE OCR 1234567890'
ok   ver2 'this-is-a-26-byte-payload!'
ok   ver3 'a-42-byte-payload-that-needs-version-three'
ok   ver4 'sixty-two-bytes-of-payload-to-push-into-version-four-territory'
ok   damaged round-trip 'DAMAGE-TEST' (2x2 modules flipped, RS corrected)
ok   acquire v1 scale=6 off=(0,0) 'HI'
ok   acquire v1 scale=6 off=(0,0) 'QR-TEST-2026'
ok   acquire v1 scale=3 off=(0,0) 'QR-TEST-2026'
ok   acquire v1 scale=9 off=(0,0) 'QR-TEST-2026'
ok   acquire v1 scale=6 off=(57,33) 'QR-TEST-2026'
ok   acquire v2 scale=6 off=(0,0) 'https://waefrebeorn.com/x'
ok   acquire v4 scale=6 off=(0,0) 'WUBUOFFICE-QR-ACQUISITION-LONGER-PAYLOAD-42'
ok   acquire v4 scale=4 off=(21,60) 'WUBUOFFICE-QR-ACQUISITION-LONGER-PAYLOAD-42'
PASS: all QR cases correct
<end of output>
Test time =   0.00 sec
----------------------------------------------------------
Test Passed.
"test_qr" end time: Jul 27 03:19 EDT
"test_qr" time elapsed: 00:00:00
----------------------------------------------------------

9/84 Testing: rnn_test
9/84 Test: rnn_test
Command: "/home/wubu/WuBuOffice/build-plugin/tools/rnn_test"
Directory: /home/wubu/WuBuOffice/build-plugin/tools
"rnn_test" start time: Jul 27 03:19 EDT
Output:
----------------------------------------------------------
LSTM gradcheck: checked=13 fails(>5%)=0
LSTM TESTS PASSED
<end of output>
Test time =   0.00 sec
----------------------------------------------------------
Test Passed.
"rnn_test" end time: Jul 27 03:19 EDT
"rnn_test" time elapsed: 00:00:00
----------------------------------------------------------

10/84 Testing: gradcheck_conv3
10/84 Test: gradcheck_conv3
Command: "/home/wubu/WuBuOffice/build-plugin/tools/gradcheck_conv3"
Directory: /home/wubu/WuBuOffice/build-plugin/tools
"gradcheck_conv3" start time: Jul 27 03:19 EDT
Output:
----------------------------------------------------------
layer 0: n=72 checked=72 max|ana-num|=4.284e-04 fails(>2e-2)=0
layer 1: n=8 checked=8 max|ana-num|=3.506e-04 fails(>2e-2)=0
layer 2: n=1152 checked=231 max|ana-num|=1.955e-04 fails(>2e-2)=0
layer 3: n=16 checked=16 max|ana-num|=8.849e-05 fails(>2e-2)=0
layer 4: n=4608 checked=201 max|ana-num|=2.309e-05 fails(>2e-2)=0
layer 5: n=32 checked=32 max|ana-num|=1.213e-05 fails(>2e-2)=0
=== GRADCHECK: worst_max_err=4.284e-04 at layer 0, total_fails=0 ===
PASS
<end of output>
Test time =   1.37 sec
----------------------------------------------------------
Test Passed.
"gradcheck_conv3" end time: Jul 27 03:19 EDT
"gradcheck_conv3" time elapsed: 00:00:01
----------------------------------------------------------

11/84 Testing: zoning
11/84 Test: zoning
Command: "/home/wubu/WuBuOffice/build-plugin/tools/test_zoning"
Directory: /home/wubu/WuBuOffice/build-plugin/tools
"zoning" start time: Jul 27 03:19 EDT
Output:
----------------------------------------------------------
test_zoning: ALL PASS (glyph diff=10.369)
<end of output>
Test time =   0.00 sec
----------------------------------------------------------
Test Passed.
"zoning" end time: Jul 27 03:19 EDT
"zoning" time elapsed: 00:00:00
----------------------------------------------------------

12/84 Testing: mlp
12/84 Test: mlp
Command: "/home/wubu/WuBuOffice/build-plugin/tools/test_mlp"
Directory: /home/wubu/WuBuOffice/build-plugin/tools
"mlp" start time: Jul 27 03:19 EDT
Output:
----------------------------------------------------------
test_mlp: ALL PASS
<end of output>
Test time =   0.00 sec
----------------------------------------------------------
Test Passed.
"mlp" end time: Jul 27 03:19 EDT
"mlp" time elapsed: 00:00:00
----------------------------------------------------------

16/84 Testing: inorm_gradcheck
16/84 Test: inorm_gradcheck
Command: "/home/wubu/WuBuOffice/build-plugin/tools/gradcheck_inorm"
Directory: /home/wubu/WuBuOffice/build-plugin/tools
"inorm_gradcheck" start time: Jul 27 03:19 EDT
Output:
----------------------------------------------------------
ga1[5]: analytic= 0.102422  fd= 0.102579  rel_err=7.64e-04  ok
be1[0]: analytic= 0.000738  fd= 0.000945  rel_err=1.23e-01  ok
ga2[14]: analytic= 0.012335  fd= 0.012264  rel_err=2.91e-03  ok
be2[26]: analytic=-0.006201  fd=-0.006258  rel_err=4.58e-03  ok
ga3[19]: analytic= 0.023068  fd= 0.023028  rel_err=8.67e-04  ok
be3[51]: analytic=-0.020195  fd=-0.020196  rel_err=2.98e-05  ok

GRADCHECK PASS
<end of output>
Test time =   0.01 sec
----------------------------------------------------------
Test Passed.
"inorm_gradcheck" end time: Jul 27 03:19 EDT
"inorm_gradcheck" time elapsed: 00:00:00
----------------------------------------------------------

17/84 Testing: stylebank
17/84 Test: stylebank
Command: "/home/wubu/WuBuOffice/build-plugin/tools/test_stylebank"
Directory: /home/wubu/WuBuOffice/build-plugin/tools
"stylebank" start time: Jul 27 03:19 EDT
Output:
----------------------------------------------------------
WARN: could not load data/conv3.wts (run a trainer first) -- skipping load test
ensemble forward OK (slot0 logit=-0.004)
WARN: train_slot skipped (no fashion t10k)
promote returned slot 0
PASS
<end of output>
Test time =   0.12 sec
----------------------------------------------------------
Test Passed.
"stylebank" end time: Jul 27 03:19 EDT
"stylebank" time elapsed: 00:00:00
----------------------------------------------------------

18/84 Testing: emnist_train_conv3_smoke
18/84 Test: emnist_train_conv3_smoke
Command: "/home/wubu/WuBuOffice/build-plugin/tools/emnist_train_conv3" "data/emnist" "128" "64" "2" "2000"
Directory: /home/wubu/WuBuOffice
"emnist_train_conv3_smoke" start time: Jul 27 03:19 EDT
Output:
----------------------------------------------------------
[threads] using 4 worker thread(s) (detected 4 cores)
conv3+MLP: conv feats=256 -> MLP 256->128->64->26; epochs=2 batch=256 lr=0.0500 sgd norm=0 nclass=26; train=124800 test=20800
  epoch  1: train_acc~3.90%  lr=0.0050
  epoch  2: train_acc~3.90%  lr=0.0275

=== dataset (ultra-light conv3+MLP, plain C11 sgd) ===
OVERALL ACCURACY: 3.52% (732/20800)
saved conv3 -> data/emnist/conv3.wts
saved mlp  -> data/emnist/conv3_mlp.wts
<end of output>
Test time =  18.96 sec
----------------------------------------------------------
Test Passed.
"emnist_train_conv3_smoke" end time: Jul 27 03:19 EDT
"emnist_train_conv3_smoke" time elapsed: 00:00:18
----------------------------------------------------------

19/84 Testing: wubuzip_crc
19/84 Test: wubuzip_crc
Command: "/home/wubu/WuBuOffice/build-plugin/tests/test_wubuzip"
Directory: /home/wubu/WuBuOffice/build-plugin/tests
"wubuzip_crc" start time: Jul 27 03:19 EDT
Output:
----------------------------------------------------------
zip bytes: 138
ALL TESTS PASSED
<end of output>
Test time =   0.00 sec
----------------------------------------------------------
Test Passed.
"wubuzip_crc" end time: Jul 27 03:19 EDT
"wubuzip_crc" time elapsed: 00:00:00
----------------------------------------------------------

20/84 Testing: inflate
20/84 Test: inflate
Command: "/home/wubu/WuBuOffice/build-plugin/tests/test_inflate"
Directory: /home/wubu/WuBuOffice/build-plugin/tests
"inflate" start time: Jul 27 03:19 EDT
Output:
----------------------------------------------------------
ok case 0 (len 0)
ok case 1 (len 16)
ok case 2 (len 23)
ok case 3 (len 99)
ok case 4 (len 113)
INFLATE TESTS PASSED
<end of output>
Test time =   0.00 sec
----------------------------------------------------------
Test Passed.
"inflate" end time: Jul 27 03:19 EDT
"inflate" time elapsed: 00:00:00
----------------------------------------------------------

21/84 Testing: formula
21/84 Test: formula
Command: "/home/wubu/WuBuOffice/build-plugin/tests/test_formula"
Directory: /home/wubu/WuBuOffice/build-plugin/tests
"formula" start time: Jul 27 03:19 EDT
Output:
----------------------------------------------------------
FORMULA TESTS OK (77 functions registered)
<end of output>
Test time =   0.00 sec
----------------------------------------------------------
Test Passed.
"formula" end time: Jul 27 03:19 EDT
"formula" time elapsed: 00:00:00
----------------------------------------------------------

22/84 Testing: spell
22/84 Test: spell
Command: "/home/wubu/WuBuOffice/build-plugin/tests/test_spell"
Directory: /home/wubu/WuBuOffice/build-plugin/tests
"spell" start time: Jul 27 03:19 EDT
Output:
----------------------------------------------------------
PASS: wubuspell (dict + suggest + scan + load)
<end of output>
Test time =   0.00 sec
----------------------------------------------------------
Test Passed.
"spell" end time: Jul 27 03:19 EDT
"spell" time elapsed: 00:00:00
----------------------------------------------------------

23/84 Testing: base
23/84 Test: base
Command: "/home/wubu/WuBuOffice/build-plugin/tests/test_base"
Directory: /home/wubu/WuBuOffice/build-plugin/tests
"base" start time: Jul 27 03:19 EDT
Output:
----------------------------------------------------------
base: all tests passed
<end of output>
Test time =   0.00 sec
----------------------------------------------------------
Test Passed.
"base" end time: Jul 27 03:19 EDT
"base" time elapsed: 00:00:00
----------------------------------------------------------

24/84 Testing: png
24/84 Test: png
Command: "/home/wubu/WuBuOffice/build-plugin/tests/test_png"
Directory: /home/wubu/WuBuOffice/build-plugin/tests
"png" start time: Jul 27 03:19 EDT
Output:
----------------------------------------------------------
png: all tests passed
<end of output>
Test time =   0.00 sec
----------------------------------------------------------
Test Passed.
"png" end time: Jul 27 03:19 EDT
"png" time elapsed: 00:00:00
----------------------------------------------------------

25/84 Testing: chart
25/84 Test: chart
Command: "/home/wubu/WuBuOffice/build-plugin/tests/test_chart"
Directory: /home/wubu/WuBuOffice/build-plugin/tests
"chart" start time: Jul 27 03:19 EDT
Output:
----------------------------------------------------------
PASS: wubuchart (bar/line/pie/scatter + formula subtitle, wubusvg-validated)
<end of output>
Test time =   0.00 sec
----------------------------------------------------------
Test Passed.
"chart" end time: Jul 27 03:19 EDT
"chart" time elapsed: 00:00:00
----------------------------------------------------------

26/84 Testing: autosave
26/84 Test: autosave
Command: "/home/wubu/WuBuOffice/build-plugin/tests/test_autosave"
Directory: /home/wubu/WuBuOffice/build-plugin/tests
"autosave" start time: Jul 27 03:19 EDT
Output:
----------------------------------------------------------
PASS: wubuautosave (atomic snapshot, dirty-skip, crash recovery round-trip)
<end of output>
Test time =   0.01 sec
----------------------------------------------------------
Test Passed.
"autosave" end time: Jul 27 03:19 EDT
"autosave" time elapsed: 00:00:00
----------------------------------------------------------

27/84 Testing: draw
27/84 Test: draw
Command: "/home/wubu/WuBuOffice/build-plugin/tests/test_draw"
Directory: /home/wubu/WuBuOffice/build-plugin/tests
"draw" start time: Jul 27 03:19 EDT
Output:
----------------------------------------------------------
PASS: wubudraw (rect/ellipse/line/polyline/text, wubusvg-validated)
<end of output>
Test time =   0.00 sec
----------------------------------------------------------
Test Passed.
"draw" end time: Jul 27 03:19 EDT
"draw" time elapsed: 00:00:00
----------------------------------------------------------

28/84 Testing: wubumath
28/84 Test: wubumath
Command: "/home/wubu/WuBuOffice/build-plugin/tests/test_wubumath"
Directory: /home/wubu/WuBuOffice/build-plugin/tests
"wubumath" start time: Jul 27 03:19 EDT
Output:
----------------------------------------------------------
PASS: wubumath (frac/sup/sub/group, wubusvg-validated)
<end of output>
Test time =   0.00 sec
----------------------------------------------------------
Test Passed.
"wubumath" end time: Jul 27 03:19 EDT
"wubumath" time elapsed: 00:00:00
----------------------------------------------------------

29/84 Testing: epub
29/84 Test: epub
Command: "/home/wubu/WuBuOffice/build-plugin/tests/test_epub"
Directory: /home/wubu/WuBuOffice/build-plugin/tests
"epub" start time: Jul 27 03:19 EDT
Output:
----------------------------------------------------------
PASS: wubuepub (valid EPUB3: mimetype + container + opf + nav + chapter)
<end of output>
Test time =   0.00 sec
----------------------------------------------------------
Test Passed.
"epub" end time: Jul 27 03:19 EDT
"epub" time elapsed: 00:00:00
----------------------------------------------------------

30/84 Testing: a11y
30/84 Test: a11y
Command: "/home/wubu/WuBuOffice/build-plugin/tests/test_a11y"
Directory: /home/wubu/WuBuOffice/build-plugin/tests
"a11y" start time: Jul 27 03:19 EDT
Output:
----------------------------------------------------------
PASS: wubua11y (doc empty/titled + EPUB parts good/bad)
<end of output>
Test time =   0.00 sec
----------------------------------------------------------
Test Passed.
"a11y" end time: Jul 27 03:19 EDT
"a11y" time elapsed: 00:00:00
----------------------------------------------------------

31/84 Testing: script
31/84 Test: script
Command: "/home/wubu/WuBuOffice/build-plugin/tests/test_script"
Directory: /home/wubu/WuBuOffice/build-plugin/tests
"script" start time: Jul 27 03:19 EDT
Output:
----------------------------------------------------------
PASS: wubuscript (arith, SUM, vars, unknown-var fail, str)
<end of output>
Test time =   0.00 sec
----------------------------------------------------------
Test Passed.
"script" end time: Jul 27 03:19 EDT
"script" time elapsed: 00:00:00
----------------------------------------------------------

32/84 Testing: model
32/84 Test: model
Command: "/home/wubu/WuBuOffice/build-plugin/tests/test_model"
Directory: /home/wubu/WuBuOffice/build-plugin/tests
"model" start time: Jul 27 03:19 EDT
Output:
----------------------------------------------------------
model: all green-baseline checks passed
<end of output>
Test time =   0.00 sec
----------------------------------------------------------
Test Passed.
"model" end time: Jul 27 03:19 EDT
"model" time elapsed: 00:00:00
----------------------------------------------------------

33/84 Testing: doc_cache
33/84 Test: doc_cache
Command: "/home/wubu/WuBuOffice/build-plugin/tests/test_doc_cache"
Directory: /home/wubu/WuBuOffice/build-plugin/tests
"doc_cache" start time: Jul 27 03:19 EDT
Output:
----------------------------------------------------------
doc_cache: ALL CHECKS PASSED (ws07#1342)
<end of output>
Test time =   0.00 sec
----------------------------------------------------------
Test Passed.
"doc_cache" end time: Jul 27 03:19 EDT
"doc_cache" time elapsed: 00:00:00
----------------------------------------------------------

34/84 Testing: load_async
34/84 Test: load_async
Command: "/home/wubu/WuBuOffice/build-plugin/tests/test_load_async"
Directory: /home/wubu/WuBuOffice/build-plugin/tests
"load_async" start time: Jul 27 03:19 EDT
Output:
----------------------------------------------------------
load_async: ALL CHECKS PASSED (ws07#1334)
<end of output>
Test time =   0.00 sec
----------------------------------------------------------
Test Passed.
"load_async" end time: Jul 27 03:19 EDT
"load_async" time elapsed: 00:00:00
----------------------------------------------------------

35/84 Testing: deflate_roundtrip
35/84 Test: deflate_roundtrip
Command: "/home/wubu/WuBuOffice/build-plugin/tests/test_deflate_roundtrip"
Directory: /home/wubu/WuBuOffice/build-plugin/tests
"deflate_roundtrip" start time: Jul 27 03:19 EDT
Output:
----------------------------------------------------------
deflate_roundtrip: 4/4 PASSED (our own DEFLATE, no zlib) (ws07#1338)
<end of output>
Test time =   0.00 sec
----------------------------------------------------------
Test Passed.
"deflate_roundtrip" end time: Jul 27 03:19 EDT
"deflate_roundtrip" time elapsed: 00:00:00
----------------------------------------------------------

36/84 Testing: cold_start
36/84 Test: cold_start
Command: "/home/wubu/WuBuOffice/build-plugin/tests/test_cold_start"
Directory: /home/wubu/WuBuOffice/build-plugin/tests
"cold_start" start time: Jul 27 03:19 EDT
Output:
----------------------------------------------------------
cold_start: 0.014 ms (bound 50 ms) PASSED (ws07#1333)
<end of output>
Test time =   0.00 sec
----------------------------------------------------------
Test Passed.
"cold_start" end time: Jul 27 03:19 EDT
"cold_start" time elapsed: 00:00:00
----------------------------------------------------------

37/84 Testing: model_io_roundtrip
37/84 Test: model_io_roundtrip
Command: "/home/wubu/WuBuOffice/build-plugin/tests/test_model_io_roundtrip"
Directory: /home/wubu/WuBuOffice/build-plugin/tests
"model_io_roundtrip" start time: Jul 27 03:19 EDT
Output:
----------------------------------------------------------
model_io_roundtrip: structural write->load->cache->async PASSED (ws05#0885/#0884/#082, ws07#1342/#1334)
<end of output>
Test time =   0.00 sec
----------------------------------------------------------
Test Passed.
"model_io_roundtrip" end time: Jul 27 03:19 EDT
"model_io_roundtrip" time elapsed: 00:00:00
----------------------------------------------------------

38/84 Testing: wubuxml_parser
38/84 Test: wubuxml_parser
Command: "/home/wubu/WuBuOffice/build-plugin/tests/test_wubuxml_parser"
Directory: /home/wubu/WuBuOffice/build-plugin/tests
"wubuxml_parser" start time: Jul 27 03:19 EDT
Output:
----------------------------------------------------------
wubuxml_parser: closing-tag event order + nesting + entities + malformed-rejection PASSED (ws05#0884 regression)
<end of output>
Test time =   0.00 sec
----------------------------------------------------------
Test Passed.
"wubuxml_parser" end time: Jul 27 03:19 EDT
"wubuxml_parser" time elapsed: 00:00:00
----------------------------------------------------------

39/84 Testing: reader_roundtrip
39/84 Test: reader_roundtrip
Command: "/home/wubu/WuBuOffice/build-plugin/tests/test_reader"
Directory: /home/wubu/WuBuOffice/build-plugin/tests
"reader_roundtrip" start time: Jul 27 03:19 EDT
Output:
----------------------------------------------------------
READER ROUNDTRIP PASSED
<end of output>
Test time =   0.00 sec
----------------------------------------------------------
Test Passed.
"reader_roundtrip" end time: Jul 27 03:19 EDT
"reader_roundtrip" time elapsed: 00:00:00
----------------------------------------------------------

40/84 Testing: extract
40/84 Test: extract
Command: "/home/wubu/WuBuOffice/build-plugin/tests/test_extract"
Directory: /home/wubu/WuBuOffice/build-plugin/tests
"extract" start time: Jul 27 03:19 EDT
Output:
----------------------------------------------------------
ok docx extract
ok xlsx extract (shared strings + formula cached)
ok pptx extract
EXTRACT TEST PASSED
<end of output>
Test time =   0.01 sec
----------------------------------------------------------
Test Passed.
"extract" end time: Jul 27 03:19 EDT
"extract" time elapsed: 00:00:00
----------------------------------------------------------

41/84 Testing: edit_roundtrip
41/84 Test: edit_roundtrip
Command: "/home/wubu/WuBuOffice/build-plugin/tests/test_edit"
Directory: /home/wubu/WuBuOffice/build-plugin/tests
"edit_roundtrip" start time: Jul 27 03:19 EDT
Output:
----------------------------------------------------------
EDIT DOCX OK
EDIT XLSX OK
EDIT PPTX OK
EDIT ROUNDTRIP PASSED (docx + xlsx + pptx lossless)
<end of output>
Test time =   0.01 sec
----------------------------------------------------------
Test Passed.
"edit_roundtrip" end time: Jul 27 03:19 EDT
"edit_roundtrip" time elapsed: 00:00:00
----------------------------------------------------------

42/84 Testing: conformance
42/84 Test: conformance
Command: "/home/wubu/WuBuOffice/build-plugin/tests/test_conformance"
Directory: /home/wubu/WuBuOffice/build-plugin/tests
"conformance" start time: Jul 27 03:19 EDT
Output:
----------------------------------------------------------
CONFORMANT
openpyxl unavailable -> SKIP value check
CONFORMANT (well-formed; value oracle skipped)
python-pptx unavailable -> SKIP value check
CONFORMANT (well-formed; value oracle skipped)
conformance: /tmp/conf.docx -> CONFORMANT
conformance: /tmp/conf.xlsx -> CONFORMANT
conformance: /tmp/conf.pptx -> CONFORMANT
CONFORMANCE PASSED (3 checked, 0 skipped)
<end of output>
Test time =   0.07 sec
----------------------------------------------------------
Test Passed.
"conformance" end time: Jul 27 03:19 EDT
"conformance" time elapsed: 00:00:00
----------------------------------------------------------

43/84 Testing: foreign_read
43/84 Test: foreign_read
Command: "/home/wubu/WuBuOffice/build-plugin/tests/test_foreign"
Directory: /home/wubu/WuBuOffice/build-plugin/tests
"foreign_read" start time: Jul 27 03:19 EDT
Output:
----------------------------------------------------------
openpyxl unavailable
FOREIGN SKIPPED (openpyxl/python-pptx unavailable)
<end of output>
Test time =   0.02 sec
----------------------------------------------------------
Test Passed.
"foreign_read" end time: Jul 27 03:19 EDT
"foreign_read" time elapsed: 00:00:00
----------------------------------------------------------

44/84 Testing: cell_read
44/84 Test: cell_read
Command: "/home/wubu/WuBuOffice/build-plugin/tests/test_cell_read"
Directory: /home/wubu/WuBuOffice/build-plugin/tests
"cell_read" start time: Jul 27 03:19 EDT
Output:
----------------------------------------------------------
XLSX READ ROUNDTRIP PASSED (shared strings + formula recalc)
<end of output>
Test time =   0.00 sec
----------------------------------------------------------
Test Passed.
"cell_read" end time: Jul 27 03:19 EDT
"cell_read" time elapsed: 00:00:00
----------------------------------------------------------

45/84 Testing: cell_cycle
45/84 Test: cell_cycle
Command: "/home/wubu/WuBuOffice/build-plugin/tests/test_cell_cycle"
Directory: /home/wubu/WuBuOffice/build-plugin/tests
"cell_cycle" start time: Jul 27 03:19 EDT
Output:
----------------------------------------------------------
cell_cycle: circular-reference crash fixed + #CYCLE! surfaces + normal eval OK
<end of output>
Test time =   0.00 sec
----------------------------------------------------------
Test Passed.
"cell_cycle" end time: Jul 27 03:19 EDT
"cell_cycle" time elapsed: 00:00:00
----------------------------------------------------------

46/84 Testing: cell_merge
46/84 Test: cell_merge
Command: "/home/wubu/WuBuOffice/build-plugin/tests/test_cell_merge"
Directory: /home/wubu/WuBuOffice/build-plugin/tests
"cell_merge" start time: Jul 27 03:19 EDT
Output:
----------------------------------------------------------
cell_merge: XLSX merge write+read round trip PASSED
<end of output>
Test time =   0.00 sec
----------------------------------------------------------
Test Passed.
"cell_merge" end time: Jul 27 03:19 EDT
"cell_merge" time elapsed: 00:00:00
----------------------------------------------------------

47/84 Testing: csv
47/84 Test: csv
Command: "/home/wubu/WuBuOffice/build-plugin/tests/test_csv"
Directory: /home/wubu/WuBuOffice/build-plugin/tests
"csv" start time: Jul 27 03:19 EDT
Output:
----------------------------------------------------------
CSV TEST PASSED (RFC 4180 quoting + newline + numeric + TSV round-trip)
<end of output>
Test time =   0.00 sec
----------------------------------------------------------
Test Passed.
"csv" end time: Jul 27 03:19 EDT
"csv" time elapsed: 00:00:00
----------------------------------------------------------

48/84 Testing: md
48/84 Test: md
Command: "/home/wubu/WuBuOffice/build-plugin/tests/test_md"
Directory: /home/wubu/WuBuOffice/build-plugin/tests
"md" start time: Jul 27 03:19 EDT
Output:
----------------------------------------------------------
MD TEST PASSED (md -> docx -> model -> md/html, headings+bold+table)
<end of output>
Test time =   0.00 sec
----------------------------------------------------------
Test Passed.
"md" end time: Jul 27 03:19 EDT
"md" time elapsed: 00:00:00
----------------------------------------------------------

49/84 Testing: rtf_json
49/84 Test: rtf_json
Command: "/home/wubu/WuBuOffice/build-plugin/tests/test_rtf_json"
Directory: /home/wubu/WuBuOffice/build-plugin/tests
"rtf_json" start time: Jul 27 03:19 EDT
Output:
----------------------------------------------------------
RTF/JSON TEST PASSED (rtf + doc/book/pres json, oracle-validated)
<end of output>
Test time =   0.05 sec
----------------------------------------------------------
Test Passed.
"rtf_json" end time: Jul 27 03:19 EDT
"rtf_json" time elapsed: 00:00:00
----------------------------------------------------------

50/84 Testing: odf
50/84 Test: odf
Command: "/home/wubu/WuBuOffice/build-plugin/tests/test_odf"
Directory: /home/wubu/WuBuOffice/build-plugin/tests
"odf" start time: Jul 27 03:19 EDT
Output:
----------------------------------------------------------
odfpy unavailable
ODT OK
ODS OK
ODP OK
FOREIGN ODF SKIPPED (odfpy unavailable)
ODF TEST PASSED (odt/ods/odp write+read + foreign odfpy interop)
<end of output>
Test time =   0.02 sec
----------------------------------------------------------
Test Passed.
"odf" end time: Jul 27 03:19 EDT
"odf" time elapsed: 00:00:00
----------------------------------------------------------

51/84 Testing: convert
51/84 Test: convert
Command: "/home/wubu/WuBuOffice/build-plugin/tests/test_convert"
Directory: /home/wubu/WuBuOffice/build-plugin/tests
"convert" start time: Jul 27 03:19 EDT
Output:
----------------------------------------------------------
odfpy unavailable
odfpy SKIP
(odfpy oracle skipped)
CONVERT TEST PASSED (full matrix: same-family + cross-family + ODF + JSON oracle)
<end of output>
Test time =   0.12 sec
----------------------------------------------------------
Test Passed.
"convert" end time: Jul 27 03:19 EDT
"convert" time elapsed: 00:00:00
----------------------------------------------------------

52/84 Testing: word_lists
52/84 Test: word_lists
Command: "/home/wubu/WuBuOffice/build-plugin/tests/test_word_lists"
Directory: /home/wubu/WuBuOffice/build-plugin/tests
"word_lists" start time: Jul 27 03:19 EDT
Output:
----------------------------------------------------------
test_word_lists: PASS
<end of output>
Test time =   0.00 sec
----------------------------------------------------------
Test Passed.
"word_lists" end time: Jul 27 03:19 EDT
"word_lists" time elapsed: 00:00:00
----------------------------------------------------------

53/84 Testing: readers
53/84 Test: readers
Command: "/home/wubu/WuBuOffice/build-plugin/tests/test_readers"
Directory: /home/wubu/WuBuOffice/build-plugin/tests
"readers" start time: Jul 27 03:19 EDT
Output:
----------------------------------------------------------
READERS TEST PASSED (rtf/html/epub -> dm_doc round-trip, text + table recovered)
<end of output>
Test time =   0.00 sec
----------------------------------------------------------
Test Passed.
"readers" end time: Jul 27 03:19 EDT
"readers" time elapsed: 00:00:00
----------------------------------------------------------

54/84 Testing: legacy_pdf
54/84 Test: legacy_pdf
Command: "/home/wubu/WuBuOffice/build-plugin/tests/test_legacy_pdf"
Directory: /home/wubu/WuBuOffice/build-plugin/tests
"legacy_pdf" start time: Jul 27 03:19 EDT
Output:
----------------------------------------------------------
(xls oracle skipped: xlwt unavailable)
(pdf oracle skipped: pypdf/pdfminer unavailable)
(xls write oracle skipped: xlrd unavailable)
(doc write oracle skipped: olefile unavailable)
(ppt write oracle skipped: olefile unavailable)
real MS .doc decoded OK (piece table)
real MS .ppt decoded OK (1 slide[s])
real MS .xls opened OK (3 sheet[s])
(some oracles skipped; core paths exercised where libs present)
LEGACY+PDF TEST PASSED
<end of output>
Test time =   0.10 sec
----------------------------------------------------------
Test Passed.
"legacy_pdf" end time: Jul 27 03:19 EDT
"legacy_pdf" time elapsed: 00:00:00
----------------------------------------------------------

55/84 Testing: flat_epub
55/84 Test: flat_epub
Command: "/home/wubu/WuBuOffice/build-plugin/tests/test_flat_epub"
Directory: /home/wubu/WuBuOffice/build-plugin/tests
"flat_epub" start time: Jul 27 03:19 EDT
Output:
----------------------------------------------------------
flat OK root=office:document child=office:text
flat OK root=office:document child=office:spreadsheet
flat OK root=office:document child=office:presentation
(epub oracle skipped: EbookLib unavailable)
(epub oracle skipped; flat-ODF gates exercised regardless)
FLAT+EPUB TEST PASSED
<end of output>
Test time =   0.08 sec
----------------------------------------------------------
Test Passed.
"flat_epub" end time: Jul 27 03:19 EDT
"flat_epub" time elapsed: 00:00:00
----------------------------------------------------------

56/84 Testing: wubufont
56/84 Test: wubufont
Command: "/home/wubu/WuBuOffice/build-plugin/tests/test_wubufont"
Directory: /home/wubu/WuBuOffice/build-plugin/tests
"wubufont" start time: Jul 27 03:19 EDT
Output:
----------------------------------------------------------
using font: /usr/share/fonts/truetype/dejavu/DejaVuSans.ttf
  unitsPerEm=2048
  glyphCount=6253
  'A' path[0..40]=M700 -1294L426 -551L975 -551ZM586 -1493L
  family="DejaVu Sans"
  'H' @96ppm: 35x71 ink=18.7%
  'A' @96ppm: 43x71 ink=20.0%
  'l' @32ppm: 3x25 ink=22
  'i' @32ppm: 3x26 ink=17
WUBUFONT TESTS PASSED (real font: /usr/share/fonts/truetype/dejavu/DejaVuSans.ttf)
<end of output>
Test time =   0.12 sec
----------------------------------------------------------
Test Passed.
"wubufont" end time: Jul 27 03:19 EDT
"wubufont" time elapsed: 00:00:00
----------------------------------------------------------

73/84 Testing: wubunote_ctrl
73/84 Test: wubunote_ctrl
Command: "/home/wubu/WuBuOffice/build-plugin/tests/test_wubunote_ctrl"
Directory: /home/wubu/WuBuOffice/build-plugin/tests
"wubunote_ctrl" start time: Jul 27 03:19 EDT
Output:
----------------------------------------------------------
WUBUNOTE CTRL TESTS PASSED
<end of output>
Test time =   0.00 sec
----------------------------------------------------------
Test Passed.
"wubunote_ctrl" end time: Jul 27 03:19 EDT
"wubunote_ctrl" time elapsed: 00:00:00
----------------------------------------------------------

74/84 Testing: wubunote
74/84 Test: wubunote
Command: "/home/wubu/WuBuOffice/build-plugin/tests/test_wubunote"
Directory: /home/wubu/WuBuOffice/build-plugin/tests
"wubunote" start time: Jul 27 03:19 EDT
Output:
----------------------------------------------------------
WUBUEDIT TESTS PASSED
<end of output>
Test time =   0.00 sec
----------------------------------------------------------
Test Passed.
"wubunote" end time: Jul 27 03:19 EDT
"wubunote" time elapsed: 00:00:00
----------------------------------------------------------

75/84 Testing: wubuview
75/84 Test: wubuview
Command: "/home/wubu/WuBuOffice/build-plugin/tests/test_wubuview"
Directory: /home/wubu/WuBuOffice/build-plugin/tests
"wubuview" start time: Jul 27 03:19 EDT
Output:
----------------------------------------------------------
WUBUVIEW TESTS PASSED
<end of output>
Test time =   0.00 sec
----------------------------------------------------------
Test Passed.
"wubuview" end time: Jul 27 03:19 EDT
"wubuview" time elapsed: 00:00:00
----------------------------------------------------------

76/84 Testing: wubuview_ctrl
76/84 Test: wubuview_ctrl
Command: "/home/wubu/WuBuOffice/build-plugin/tests/test_wubuview_ctrl"
Directory: /home/wubu/WuBuOffice/build-plugin/tests
"wubuview_ctrl" start time: Jul 27 03:19 EDT
Output:
----------------------------------------------------------
WUBUVIEW CTRL TESTS PASSED
<end of output>
Test time =   0.00 sec
----------------------------------------------------------
Test Passed.
"wubuview_ctrl" end time: Jul 27 03:19 EDT
"wubuview_ctrl" time elapsed: 00:00:00
----------------------------------------------------------

77/84 Testing: wubusvg
77/84 Test: wubusvg
Command: "/home/wubu/WuBuOffice/build-plugin/tests/test_wubusvg"
Directory: /home/wubu/WuBuOffice/build-plugin/tests
"wubusvg" start time: Jul 27 03:19 EDT
Output:
----------------------------------------------------------
WUBUSVG TESTS PASSED
<end of output>
Test time =   0.00 sec
----------------------------------------------------------
Test Passed.
"wubusvg" end time: Jul 27 03:19 EDT
"wubusvg" time elapsed: 00:00:00
----------------------------------------------------------

78/84 Testing: wubudoc
78/84 Test: wubudoc
Command: "/home/wubu/WuBuOffice/build-plugin/tests/test_wubudoc"
Directory: /home/wubu/WuBuOffice/build-plugin/tests
"wubudoc" start time: Jul 27 03:19 EDT
Output:
----------------------------------------------------------
WUBUDOC TESTS PASSED
<end of output>
Test time =   0.01 sec
----------------------------------------------------------
Test Passed.
"wubudoc" end time: Jul 27 03:19 EDT
"wubudoc" time elapsed: 00:00:00
----------------------------------------------------------

79/84 Testing: drop
79/84 Test: drop
Command: "/home/wubu/WuBuOffice/build-plugin/tests/test_drop"
Directory: /home/wubu/WuBuOffice/build-plugin/tests
"drop" start time: Jul 27 03:19 EDT
Output:
----------------------------------------------------------
  paste decode OK
  drop text extraction OK
  drop PDF extraction OK
  drop PNG decode + ingest OK
DROP TESTS PASSED
<end of output>
Test time =   0.01 sec
----------------------------------------------------------
Test Passed.
"drop" end time: Jul 27 03:19 EDT
"drop" time elapsed: 00:00:00
----------------------------------------------------------

80/84 Testing: wubusvg_agent
80/84 Test: wubusvg_agent
Command: "/home/wubu/WuBuOffice/build-plugin/tests/test_wubusvg_agent"
Directory: /home/wubu/WuBuOffice/build-plugin/tests
"wubusvg_agent" start time: Jul 27 03:19 EDT
Output:
----------------------------------------------------------
WUBUSVG_AGENT TESTS PASSED
<end of output>
Test time =   0.00 sec
----------------------------------------------------------
Test Passed.
"wubusvg_agent" end time: Jul 27 03:19 EDT
"wubusvg_agent" time elapsed: 00:00:00
----------------------------------------------------------

81/84 Testing: gpu_blas
81/84 Test: gpu_blas
Command: "/home/wubu/WuBuOffice/build-plugin/tests/test_gpu_blas"
Directory: /home/wubu/WuBuOffice/build-plugin/tests
"gpu_blas" start time: Jul 27 03:19 EDT
Output:
----------------------------------------------------------
gpu_available = 0
GEMM   PASS (maxdiff=0.00e+00)
CONV   PASS (Hout=20 Wout=20 maxdiff=0.00e+00)
OVERALL: PASS
<end of output>
Test time =   0.00 sec
----------------------------------------------------------
Test Passed.
"gpu_blas" end time: Jul 27 03:19 EDT
"gpu_blas" time elapsed: 00:00:00
----------------------------------------------------------

82/84 Testing: gru_gpu_gradcheck
82/84 Test: gru_gpu_gradcheck
Command: "/home/wubu/WuBuOffice/build-plugin/tests/test_gru_gpu"
Directory: /home/wubu/WuBuOffice/build-plugin/tests
"gru_gpu_gradcheck" start time: Jul 27 03:19 EDT
Output:
----------------------------------------------------------
gpu_available=0
  idx=79 an=-1.2379e-01 fd=-1.2362e-01
  idx=118 an=-5.2687e-02 fd=-5.2493e-02
  idx=15 an=6.0376e-01 fd=6.0362e-01
  idx=59 an=-7.1953e-03 fd=-6.9123e-03
  idx=93 an=-1.3494e-02 fd=-1.3490e-02
gradcheck: nparams=216 ncheck=200 maxrel=0.000e+00 max|an|=7.971e+00 max|fd|=7.971e+00
GRU GPU backward PASS (maxrel=0.000e+00)
OVERALL: PASS
<end of output>
Test time =   0.00 sec
----------------------------------------------------------
Test Passed.
"gru_gpu_gradcheck" end time: Jul 27 03:19 EDT
"gru_gpu_gradcheck" time elapsed: 00:00:00
----------------------------------------------------------

83/84 Testing: gemm_nt
83/84 Test: gemm_nt
Command: "/home/wubu/WuBuOffice/build-plugin/tests/test_gemm_nt"
Directory: /home/wubu/WuBuOffice/build-plugin/tests
"gemm_nt" start time: Jul 27 03:19 EDT
Output:
----------------------------------------------------------
gemmNT     maxdiff=0.00e+00 PASS
gemmT      maxdiff=0.00e+00 PASS
PASS
<end of output>
Test time =   0.00 sec
----------------------------------------------------------
Test Passed.
"gemm_nt" end time: Jul 27 03:19 EDT
"gemm_nt" time elapsed: 00:00:00
----------------------------------------------------------

84/84 Testing: gru_cmp
84/84 Test: gru_cmp
Command: "/home/wubu/WuBuOffice/build-plugin/tests/test_gru_cmp"
Directory: /home/wubu/WuBuOffice/build-plugin/tests
"gru_cmp" start time: Jul 27 03:19 EDT
Output:
----------------------------------------------------------
gpu=0
WEIGHT diffs=0/216
FORWARD maxdiff=0.000e+00 PASS
GRAD maxdiff=9.537e-07 (216 params) PASS
DX maxdiff=8.941e-08 PASS
OVERALL: PASS
<end of output>
Test time =   0.00 sec
----------------------------------------------------------
Test Passed.
"gru_cmp" end time: Jul 27 03:19 EDT
"gru_cmp" time elapsed: 00:00:00
----------------------------------------------------------

End testing: Jul 27 03:19 EDT

a11y =   0.00 sec*proc

apps =   0.04 sec*proc

autosave =   0.01 sec*proc

base =   0.00 sec*proc

cell =   0.01 sec*proc

chart =   0.00 sec*proc

doc =   0.02 sec*proc

draw =   0.00 sec*proc

epub =   0.00 sec*proc

font =   0.12 sec*proc

formula =   0.00 sec*proc

gpu =   0.01 sec*proc

math =   0.00 sec*proc

model =   0.01 sec*proc

note =   0.00 sec*proc

odf =   0.14 sec*proc

oxml =   0.11 sec*proc

plugin =   0.00 sec*proc

png =   0.00 sec*proc

script =   0.00 sec*proc

spell =   0.00 sec*proc

svg =   0.00 sec*proc

view =   0.05 sec*proc

word =   0.25 sec*proc

zip =   0.01 sec*proc

