Start testing: Jul 13 01:50 EDT
----------------------------------------------------------
1/5 Testing: wubuzip_crc
1/5 Test: wubuzip_crc
Command: "/home/wubu/WuBuOffice/build-asan/test_wubuzip"
Directory: /home/wubu/WuBuOffice/build-asan
"wubuzip_crc" start time: Jul 13 01:50 EDT
Output:
----------------------------------------------------------
zip bytes: 138
ALL TESTS PASSED
<end of output>
Test time =   0.01 sec
----------------------------------------------------------
Test Passed.
"wubuzip_crc" end time: Jul 13 01:50 EDT
"wubuzip_crc" time elapsed: 00:00:00
----------------------------------------------------------

2/5 Testing: inflate
2/5 Test: inflate
Command: "/home/wubu/WuBuOffice/build-asan/test_inflate"
Directory: /home/wubu/WuBuOffice/build-asan
"inflate" start time: Jul 13 01:50 EDT
Output:
----------------------------------------------------------
/home/wubu/WuBuOffice/tests/test_inflate.c:19:43: runtime error: null pointer passed as argument 1, which is declared to never be null
ok case 0 (len 0)
ok case 1 (len 16)
ok case 2 (len 23)
ok case 3 (len 99)
ok case 4 (len 113)
INFLATE TESTS PASSED
<end of output>
Test time =   0.01 sec
----------------------------------------------------------
Test Passed.
"inflate" end time: Jul 13 01:50 EDT
"inflate" time elapsed: 00:00:00
----------------------------------------------------------

3/5 Testing: deflate_roundtrip
3/5 Test: deflate_roundtrip
Command: "/home/wubu/WuBuOffice/build-asan/test_deflate"
Directory: /home/wubu/WuBuOffice/build-asan
"deflate_roundtrip" start time: Jul 13 01:50 EDT
Output:
----------------------------------------------------------
DEFLATE ROUNDTRIP OK (dynamic+fixed+stored, zlib cross-checked)
<end of output>
Test time =   0.06 sec
----------------------------------------------------------
Test Passed.
"deflate_roundtrip" end time: Jul 13 01:51 EDT
"deflate_roundtrip" time elapsed: 00:00:00
----------------------------------------------------------

4/5 Testing: reader_roundtrip
4/5 Test: reader_roundtrip
Command: "/home/wubu/WuBuOffice/build-asan/test_reader"
Directory: /home/wubu/WuBuOffice/build-asan
"reader_roundtrip" start time: Jul 13 01:51 EDT
Output:
----------------------------------------------------------
READER ROUNDTRIP PASSED
<end of output>
Test time =   0.02 sec
----------------------------------------------------------
Test Passed.
"reader_roundtrip" end time: Jul 13 01:51 EDT
"reader_roundtrip" time elapsed: 00:00:00
----------------------------------------------------------

5/5 Testing: edit_roundtrip
5/5 Test: edit_roundtrip
Command: "/home/wubu/WuBuOffice/build-asan/test_edit"
Directory: /home/wubu/WuBuOffice/build-asan
"edit_roundtrip" start time: Jul 13 01:51 EDT
Output:
----------------------------------------------------------
EDIT ROUNDTRIP PASSED
<end of output>
Test time =   0.02 sec
----------------------------------------------------------
Test Passed.
"edit_roundtrip" end time: Jul 13 01:51 EDT
"edit_roundtrip" time elapsed: 00:00:00
----------------------------------------------------------

End testing: Jul 13 01:51 EDT
